[1.269s] Invoking command in '/home/ishaan/turtlebot_sim/turtlebot3/turtlebot3_example': PYTHONPATH=/home/ishaan/turtlebot_sim/build/turtlebot3_example/prefix_override:/usr/lib/python3/dist-packages/colcon_core/task/python/colcon_distutils_commands:/home/ishaan/turtlebot_sim/install/turtlebot3_example/lib/python3.10/site-packages:${PYTHONPATH} /usr/bin/python3 -W ignore:setup.py install is deprecated -W ignore:easy_install command is deprecated setup.py egg_info --egg-base ../../build/turtlebot3_example build --build-base /home/ishaan/turtlebot_sim/build/turtlebot3_example/build install --record /home/ishaan/turtlebot_sim/build/turtlebot3_example/install.log --single-version-externally-managed install_data
[1.444s] running egg_info
[1.445s] creating ../../build/turtlebot3_example/turtlebot3_example.egg-info
[1.445s] writing ../../build/turtlebot3_example/turtlebot3_example.egg-info/PKG-INFO
[1.446s] writing dependency_links to ../../build/turtlebot3_example/turtlebot3_example.egg-info/dependency_links.txt
[1.446s] writing entry points to ../../build/turtlebot3_example/turtlebot3_example.egg-info/entry_points.txt
[1.446s] writing requirements to ../../build/turtlebot3_example/turtlebot3_example.egg-info/requires.txt
[1.446s] writing top-level names to ../../build/turtlebot3_example/turtlebot3_example.egg-info/top_level.txt
[1.446s] writing manifest file '../../build/turtlebot3_example/turtlebot3_example.egg-info/SOURCES.txt'
[1.447s] reading manifest file '../../build/turtlebot3_example/turtlebot3_example.egg-info/SOURCES.txt'
[1.449s] writing manifest file '../../build/turtlebot3_example/turtlebot3_example.egg-info/SOURCES.txt'
[1.449s] running build
[1.449s] running build_py
[1.449s] creating /home/ishaan/turtlebot_sim/build/turtlebot3_example/build
[1.449s] creating /home/ishaan/turtlebot_sim/build/turtlebot3_example/build/lib
[1.449s] creating /home/ishaan/turtlebot_sim/build/turtlebot3_example/build/lib/turtlebot3_example
[1.450s] copying turtlebot3_example/__init__.py -> /home/ishaan/turtlebot_sim/build/turtlebot3_example/build/lib/turtlebot3_example
[1.450s] creating /home/ishaan/turtlebot_sim/build/turtlebot3_example/build/lib/turtlebot3_example/turtlebot3_obstacle_detection
[1.450s] copying turtlebot3_example/turtlebot3_obstacle_detection/turtlebot3_obstacle_detection.py -> /home/ishaan/turtlebot_sim/build/turtlebot3_example/build/lib/turtlebot3_example/turtlebot3_obstacle_detection
[1.450s] copying turtlebot3_example/turtlebot3_obstacle_detection/__init__.py -> /home/ishaan/turtlebot_sim/build/turtlebot3_example/build/lib/turtlebot3_example/turtlebot3_obstacle_detection
[1.450s] creating /home/ishaan/turtlebot_sim/build/turtlebot3_example/build/lib/turtlebot3_example/turtlebot3_absolute_move
[1.450s] copying turtlebot3_example/turtlebot3_absolute_move/__init__.py -> /home/ishaan/turtlebot_sim/build/turtlebot3_example/build/lib/turtlebot3_example/turtlebot3_absolute_move
[1.450s] copying turtlebot3_example/turtlebot3_absolute_move/turtlebot3_absolute_move.py -> /home/ishaan/turtlebot_sim/build/turtlebot3_example/build/lib/turtlebot3_example/turtlebot3_absolute_move
[1.450s] creating /home/ishaan/turtlebot_sim/build/turtlebot3_example/build/lib/turtlebot3_example/turtlebot3_relative_move
[1.451s] copying turtlebot3_example/turtlebot3_relative_move/turtlebot3_relative_move.py -> /home/ishaan/turtlebot_sim/build/turtlebot3_example/build/lib/turtlebot3_example/turtlebot3_relative_move
[1.451s] copying turtlebot3_example/turtlebot3_relative_move/__init__.py -> /home/ishaan/turtlebot_sim/build/turtlebot3_example/build/lib/turtlebot3_example/turtlebot3_relative_move
[1.451s] creating /home/ishaan/turtlebot_sim/build/turtlebot3_example/build/lib/turtlebot3_example/turtlebot3_patrol
[1.451s] copying turtlebot3_example/turtlebot3_patrol/turtlebot3_patrol_server.py -> /home/ishaan/turtlebot_sim/build/turtlebot3_example/build/lib/turtlebot3_example/turtlebot3_patrol
[1.451s] copying turtlebot3_example/turtlebot3_patrol/turtlebot3_patrol_client.py -> /home/ishaan/turtlebot_sim/build/turtlebot3_example/build/lib/turtlebot3_example/turtlebot3_patrol
[1.451s] copying turtlebot3_example/turtlebot3_patrol/__init__.py -> /home/ishaan/turtlebot_sim/build/turtlebot3_example/build/lib/turtlebot3_example/turtlebot3_patrol
[1.451s] creating /home/ishaan/turtlebot_sim/build/turtlebot3_example/build/lib/turtlebot3_example/turtlebot3_interactive_marker
[1.451s] copying turtlebot3_example/turtlebot3_interactive_marker/__init__.py -> /home/ishaan/turtlebot_sim/build/turtlebot3_example/build/lib/turtlebot3_example/turtlebot3_interactive_marker
[1.452s] copying turtlebot3_example/turtlebot3_interactive_marker/turtlebot3_interactive_marker.py -> /home/ishaan/turtlebot_sim/build/turtlebot3_example/build/lib/turtlebot3_example/turtlebot3_interactive_marker
[1.452s] running install
[1.452s] running install_lib
[1.452s] creating /home/ishaan/turtlebot_sim/install/turtlebot3_example/lib/python3.10/site-packages/turtlebot3_example
[1.452s] creating /home/ishaan/turtlebot_sim/install/turtlebot3_example/lib/python3.10/site-packages/turtlebot3_example/turtlebot3_obstacle_detection
[1.452s] copying /home/ishaan/turtlebot_sim/build/turtlebot3_example/build/lib/turtlebot3_example/turtlebot3_obstacle_detection/turtlebot3_obstacle_detection.py -> /home/ishaan/turtlebot_sim/install/turtlebot3_example/lib/python3.10/site-packages/turtlebot3_example/turtlebot3_obstacle_detection
[1.452s] copying /home/ishaan/turtlebot_sim/build/turtlebot3_example/build/lib/turtlebot3_example/turtlebot3_obstacle_detection/__init__.py -> /home/ishaan/turtlebot_sim/install/turtlebot3_example/lib/python3.10/site-packages/turtlebot3_example/turtlebot3_obstacle_detection
[1.452s] creating /home/ishaan/turtlebot_sim/install/turtlebot3_example/lib/python3.10/site-packages/turtlebot3_example/turtlebot3_absolute_move
[1.452s] copying /home/ishaan/turtlebot_sim/build/turtlebot3_example/build/lib/turtlebot3_example/turtlebot3_absolute_move/__init__.py -> /home/ishaan/turtlebot_sim/install/turtlebot3_example/lib/python3.10/site-packages/turtlebot3_example/turtlebot3_absolute_move
[1.452s] copying /home/ishaan/turtlebot_sim/build/turtlebot3_example/build/lib/turtlebot3_example/turtlebot3_absolute_move/turtlebot3_absolute_move.py -> /home/ishaan/turtlebot_sim/install/turtlebot3_example/lib/python3.10/site-packages/turtlebot3_example/turtlebot3_absolute_move
[1.453s] creating /home/ishaan/turtlebot_sim/install/turtlebot3_example/lib/python3.10/site-packages/turtlebot3_example/turtlebot3_relative_move
[1.453s] copying /home/ishaan/turtlebot_sim/build/turtlebot3_example/build/lib/turtlebot3_example/turtlebot3_relative_move/turtlebot3_relative_move.py -> /home/ishaan/turtlebot_sim/install/turtlebot3_example/lib/python3.10/site-packages/turtlebot3_example/turtlebot3_relative_move
[1.453s] copying /home/ishaan/turtlebot_sim/build/turtlebot3_example/build/lib/turtlebot3_example/turtlebot3_relative_move/__init__.py -> /home/ishaan/turtlebot_sim/install/turtlebot3_example/lib/python3.10/site-packages/turtlebot3_example/turtlebot3_relative_move
[1.453s] creating /home/ishaan/turtlebot_sim/install/turtlebot3_example/lib/python3.10/site-packages/turtlebot3_example/turtlebot3_patrol
[1.453s] copying /home/ishaan/turtlebot_sim/build/turtlebot3_example/build/lib/turtlebot3_example/turtlebot3_patrol/turtlebot3_patrol_server.py -> /home/ishaan/turtlebot_sim/install/turtlebot3_example/lib/python3.10/site-packages/turtlebot3_example/turtlebot3_patrol
[1.453s] copying /home/ishaan/turtlebot_sim/build/turtlebot3_example/build/lib/turtlebot3_example/turtlebot3_patrol/turtlebot3_patrol_client.py -> /home/ishaan/turtlebot_sim/install/turtlebot3_example/lib/python3.10/site-packages/turtlebot3_example/turtlebot3_patrol
[1.453s] copying /home/ishaan/turtlebot_sim/build/turtlebot3_example/build/lib/turtlebot3_example/turtlebot3_patrol/__init__.py -> /home/ishaan/turtlebot_sim/install/turtlebot3_example/lib/python3.10/site-packages/turtlebot3_example/turtlebot3_patrol
[1.453s] copying /home/ishaan/turtlebot_sim/build/turtlebot3_example/build/lib/turtlebot3_example/__init__.py -> /home/ishaan/turtlebot_sim/install/turtlebot3_example/lib/python3.10/site-packages/turtlebot3_example
[1.453s] creating /home/ishaan/turtlebot_sim/install/turtlebot3_example/lib/python3.10/site-packages/turtlebot3_example/turtlebot3_interactive_marker
[1.453s] copying /home/ishaan/turtlebot_sim/build/turtlebot3_example/build/lib/turtlebot3_example/turtlebot3_interactive_marker/__init__.py -> /home/ishaan/turtlebot_sim/install/turtlebot3_example/lib/python3.10/site-packages/turtlebot3_example/turtlebot3_interactive_marker
[1.454s] copying /home/ishaan/turtlebot_sim/build/turtlebot3_example/build/lib/turtlebot3_example/turtlebot3_interactive_marker/turtlebot3_interactive_marker.py -> /home/ishaan/turtlebot_sim/install/turtlebot3_example/lib/python3.10/site-packages/turtlebot3_example/turtlebot3_interactive_marker
[1.454s] byte-compiling /home/ishaan/turtlebot_sim/install/turtlebot3_example/lib/python3.10/site-packages/turtlebot3_example/turtlebot3_obstacle_detection/turtlebot3_obstacle_detection.py to turtlebot3_obstacle_detection.cpython-310.pyc
[1.454s] byte-compiling /home/ishaan/turtlebot_sim/install/turtlebot3_example/lib/python3.10/site-packages/turtlebot3_example/turtlebot3_obstacle_detection/__init__.py to __init__.cpython-310.pyc
[1.454s] byte-compiling /home/ishaan/turtlebot_sim/install/turtlebot3_example/lib/python3.10/site-packages/turtlebot3_example/turtlebot3_absolute_move/__init__.py to __init__.cpython-310.pyc
[1.454s] byte-compiling /home/ishaan/turtlebot_sim/install/turtlebot3_example/lib/python3.10/site-packages/turtlebot3_example/turtlebot3_absolute_move/turtlebot3_absolute_move.py to turtlebot3_absolute_move.cpython-310.pyc
[1.454s] byte-compiling /home/ishaan/turtlebot_sim/install/turtlebot3_example/lib/python3.10/site-packages/turtlebot3_example/turtlebot3_relative_move/turtlebot3_relative_move.py to turtlebot3_relative_move.cpython-310.pyc
[1.454s] byte-compiling /home/ishaan/turtlebot_sim/install/turtlebot3_example/lib/python3.10/site-packages/turtlebot3_example/turtlebot3_relative_move/__init__.py to __init__.cpython-310.pyc
[1.454s] byte-compiling /home/ishaan/turtlebot_sim/install/turtlebot3_example/lib/python3.10/site-packages/turtlebot3_example/turtlebot3_patrol/turtlebot3_patrol_server.py to turtlebot3_patrol_server.cpython-310.pyc
[1.454s] byte-compiling /home/ishaan/turtlebot_sim/install/turtlebot3_example/lib/python3.10/site-packages/turtlebot3_example/turtlebot3_patrol/turtlebot3_patrol_client.py to turtlebot3_patrol_client.cpython-310.pyc
[1.455s] byte-compiling /home/ishaan/turtlebot_sim/install/turtlebot3_example/lib/python3.10/site-packages/turtlebot3_example/turtlebot3_patrol/__init__.py to __init__.cpython-310.pyc
[1.455s] byte-compiling /home/ishaan/turtlebot_sim/install/turtlebot3_example/lib/python3.10/site-packages/turtlebot3_example/__init__.py to __init__.cpython-310.pyc
[1.455s] byte-compiling /home/ishaan/turtlebot_sim/install/turtlebot3_example/lib/python3.10/site-packages/turtlebot3_example/turtlebot3_interactive_marker/__init__.py to __init__.cpython-310.pyc
[1.455s] byte-compiling /home/ishaan/turtlebot_sim/install/turtlebot3_example/lib/python3.10/site-packages/turtlebot3_example/turtlebot3_interactive_marker/turtlebot3_interactive_marker.py to turtlebot3_interactive_marker.cpython-310.pyc
[1.455s] running install_data
[1.455s] creating /home/ishaan/turtlebot_sim/install/turtlebot3_example/share/ament_index
[1.455s] creating /home/ishaan/turtlebot_sim/install/turtlebot3_example/share/ament_index/resource_index
[1.455s] creating /home/ishaan/turtlebot_sim/install/turtlebot3_example/share/ament_index/resource_index/packages
[1.455s] copying resource/turtlebot3_example -> /home/ishaan/turtlebot_sim/install/turtlebot3_example/share/ament_index/resource_index/packages
[1.456s] copying package.xml -> /home/ishaan/turtlebot_sim/install/turtlebot3_example/share/turtlebot3_example
[1.456s] running install_egg_info
[1.457s] Copying ../../build/turtlebot3_example/turtlebot3_example.egg-info to /home/ishaan/turtlebot_sim/install/turtlebot3_example/lib/python3.10/site-packages/turtlebot3_example-2.3.3-py3.10.egg-info
[1.457s] running install_scripts
[1.472s] Installing turtlebot3_absolute_move script to /home/ishaan/turtlebot_sim/install/turtlebot3_example/lib/turtlebot3_example
[1.472s] Installing turtlebot3_interactive_marker script to /home/ishaan/turtlebot_sim/install/turtlebot3_example/lib/turtlebot3_example
[1.472s] Installing turtlebot3_obstacle_detection script to /home/ishaan/turtlebot_sim/install/turtlebot3_example/lib/turtlebot3_example
[1.472s] Installing turtlebot3_patrol_client script to /home/ishaan/turtlebot_sim/install/turtlebot3_example/lib/turtlebot3_example
[1.472s] Installing turtlebot3_patrol_server script to /home/ishaan/turtlebot_sim/install/turtlebot3_example/lib/turtlebot3_example
[1.472s] Installing turtlebot3_relative_move script to /home/ishaan/turtlebot_sim/install/turtlebot3_example/lib/turtlebot3_example
[1.473s] writing list of installed files to '/home/ishaan/turtlebot_sim/build/turtlebot3_example/install.log'
[1.496s] Invoked command in '/home/ishaan/turtlebot_sim/turtlebot3/turtlebot3_example' returned '0': PYTHONPATH=/home/ishaan/turtlebot_sim/build/turtlebot3_example/prefix_override:/usr/lib/python3/dist-packages/colcon_core/task/python/colcon_distutils_commands:/home/ishaan/turtlebot_sim/install/turtlebot3_example/lib/python3.10/site-packages:${PYTHONPATH} /usr/bin/python3 -W ignore:setup.py install is deprecated -W ignore:easy_install command is deprecated setup.py egg_info --egg-base ../../build/turtlebot3_example build --build-base /home/ishaan/turtlebot_sim/build/turtlebot3_example/build install --record /home/ishaan/turtlebot_sim/build/turtlebot3_example/install.log --single-version-externally-managed install_data
