[0.508s] Invoking command in '/home/ishaan/turtlebot_sim/turtlebot3/turtlebot3_teleop': PYTHONPATH=/home/ishaan/turtlebot_sim/build/turtlebot3_teleop/prefix_override:/usr/lib/python3/dist-packages/colcon_core/task/python/colcon_distutils_commands:/home/ishaan/turtlebot_sim/install/turtlebot3_teleop/lib/python3.10/site-packages:${PYTHONPATH} /usr/bin/python3 -W ignore:setup.py install is deprecated -W ignore:easy_install command is deprecated setup.py egg_info --egg-base ../../build/turtlebot3_teleop build --build-base /home/ishaan/turtlebot_sim/build/turtlebot3_teleop/build install --record /home/ishaan/turtlebot_sim/build/turtlebot3_teleop/install.log --single-version-externally-managed install_data
[0.678s] running egg_info
[0.679s] creating ../../build/turtlebot3_teleop/turtlebot3_teleop.egg-info
[0.679s] writing ../../build/turtlebot3_teleop/turtlebot3_teleop.egg-info/PKG-INFO
[0.679s] writing dependency_links to ../../build/turtlebot3_teleop/turtlebot3_teleop.egg-info/dependency_links.txt
[0.679s] writing entry points to ../../build/turtlebot3_teleop/turtlebot3_teleop.egg-info/entry_points.txt
[0.679s] writing requirements to ../../build/turtlebot3_teleop/turtlebot3_teleop.egg-info/requires.txt
[0.679s] writing top-level names to ../../build/turtlebot3_teleop/turtlebot3_teleop.egg-info/top_level.txt
[0.679s] writing manifest file '../../build/turtlebot3_teleop/turtlebot3_teleop.egg-info/SOURCES.txt'
[0.680s] reading manifest file '../../build/turtlebot3_teleop/turtlebot3_teleop.egg-info/SOURCES.txt'
[0.681s] writing manifest file '../../build/turtlebot3_teleop/turtlebot3_teleop.egg-info/SOURCES.txt'
[0.681s] running build
[0.681s] running build_py
[0.681s] creating /home/ishaan/turtlebot_sim/build/turtlebot3_teleop/build
[0.681s] creating /home/ishaan/turtlebot_sim/build/turtlebot3_teleop/build/lib
[0.681s] creating /home/ishaan/turtlebot_sim/build/turtlebot3_teleop/build/lib/turtlebot3_teleop
[0.681s] copying turtlebot3_teleop/__init__.py -> /home/ishaan/turtlebot_sim/build/turtlebot3_teleop/build/lib/turtlebot3_teleop
[0.681s] creating /home/ishaan/turtlebot_sim/build/turtlebot3_teleop/build/lib/turtlebot3_teleop/script
[0.681s] copying turtlebot3_teleop/script/teleop_keyboard.py -> /home/ishaan/turtlebot_sim/build/turtlebot3_teleop/build/lib/turtlebot3_teleop/script
[0.681s] copying turtlebot3_teleop/script/__init__.py -> /home/ishaan/turtlebot_sim/build/turtlebot3_teleop/build/lib/turtlebot3_teleop/script
[0.681s] running install
[0.681s] running install_lib
[0.682s] creating /home/ishaan/turtlebot_sim/install/turtlebot3_teleop/lib/python3.10/site-packages/turtlebot3_teleop
[0.682s] copying /home/ishaan/turtlebot_sim/build/turtlebot3_teleop/build/lib/turtlebot3_teleop/__init__.py -> /home/ishaan/turtlebot_sim/install/turtlebot3_teleop/lib/python3.10/site-packages/turtlebot3_teleop
[0.682s] creating /home/ishaan/turtlebot_sim/install/turtlebot3_teleop/lib/python3.10/site-packages/turtlebot3_teleop/script
[0.682s] copying /home/ishaan/turtlebot_sim/build/turtlebot3_teleop/build/lib/turtlebot3_teleop/script/teleop_keyboard.py -> /home/ishaan/turtlebot_sim/install/turtlebot3_teleop/lib/python3.10/site-packages/turtlebot3_teleop/script
[0.682s] copying /home/ishaan/turtlebot_sim/build/turtlebot3_teleop/build/lib/turtlebot3_teleop/script/__init__.py -> /home/ishaan/turtlebot_sim/install/turtlebot3_teleop/lib/python3.10/site-packages/turtlebot3_teleop/script
[0.682s] byte-compiling /home/ishaan/turtlebot_sim/install/turtlebot3_teleop/lib/python3.10/site-packages/turtlebot3_teleop/__init__.py to __init__.cpython-310.pyc
[0.682s] byte-compiling /home/ishaan/turtlebot_sim/install/turtlebot3_teleop/lib/python3.10/site-packages/turtlebot3_teleop/script/teleop_keyboard.py to teleop_keyboard.cpython-310.pyc
[0.683s] byte-compiling /home/ishaan/turtlebot_sim/install/turtlebot3_teleop/lib/python3.10/site-packages/turtlebot3_teleop/script/__init__.py to __init__.cpython-310.pyc
[0.683s] running install_data
[0.683s] creating /home/ishaan/turtlebot_sim/install/turtlebot3_teleop/share/ament_index
[0.683s] creating /home/ishaan/turtlebot_sim/install/turtlebot3_teleop/share/ament_index/resource_index
[0.683s] creating /home/ishaan/turtlebot_sim/install/turtlebot3_teleop/share/ament_index/resource_index/packages
[0.683s] copying resource/turtlebot3_teleop -> /home/ishaan/turtlebot_sim/install/turtlebot3_teleop/share/ament_index/resource_index/packages
[0.683s] copying package.xml -> /home/ishaan/turtlebot_sim/install/turtlebot3_teleop/share/turtlebot3_teleop
[0.705s] running install_egg_info
[0.707s] Copying ../../build/turtlebot3_teleop/turtlebot3_teleop.egg-info to /home/ishaan/turtlebot_sim/install/turtlebot3_teleop/lib/python3.10/site-packages/turtlebot3_teleop-2.3.3-py3.10.egg-info
[0.707s] running install_scripts
[0.725s] Installing teleop_keyboard script to /home/ishaan/turtlebot_sim/install/turtlebot3_teleop/lib/turtlebot3_teleop
[0.725s] writing list of installed files to '/home/ishaan/turtlebot_sim/build/turtlebot3_teleop/install.log'
[0.742s] Invoked command in '/home/ishaan/turtlebot_sim/turtlebot3/turtlebot3_teleop' returned '0': PYTHONPATH=/home/ishaan/turtlebot_sim/build/turtlebot3_teleop/prefix_override:/usr/lib/python3/dist-packages/colcon_core/task/python/colcon_distutils_commands:/home/ishaan/turtlebot_sim/install/turtlebot3_teleop/lib/python3.10/site-packages:${PYTHONPATH} /usr/bin/python3 -W ignore:setup.py install is deprecated -W ignore:easy_install command is deprecated setup.py egg_info --egg-base ../../build/turtlebot3_teleop build --build-base /home/ishaan/turtlebot_sim/build/turtlebot3_teleop/build install --record /home/ishaan/turtlebot_sim/build/turtlebot3_teleop/install.log --single-version-externally-managed install_data
