[0.045s] Invoking command in '/home/ishaan/turtlebot_sim/build/turtlebot3_description': CMAKE_PREFIX_PATH=${CMAKE_PREFIX_PATH}:/home/ishaan/turtlebot_sim/install/turtlebot3_online_slam_navigation:/home/ishaan/turtlebot3_ws/install/turtlebot3_teleop:/home/ishaan/turtlebot3_ws/install/turtlebot3_example:/home/ishaan/ws_moveit2/install/moveit_configs_utils:/home/ishaan/ws_moveit2/install/launch_param_builder:/opt/ros/humble /usr/bin/cmake /home/ishaan/turtlebot_sim/turtlebot3/turtlebot3_description -DCMAKE_INSTALL_PREFIX=/home/ishaan/turtlebot_sim/install/turtlebot3_description
[0.453s] -- The C compiler identification is GNU 11.4.0
[0.453s] -- The CXX compiler identification is GNU 11.4.0
[0.453s] -- Detecting C compiler ABI info
[0.453s] -- Detecting C compiler ABI info - done
[0.453s] -- Check for working C compiler: /usr/bin/cc - skipped
[0.453s] -- Detecting C compile features
[0.454s] -- Detecting C compile features - done
[0.454s] -- Detecting CXX compiler ABI info
[0.539s] -- Detecting CXX compiler ABI info - done
[0.549s] -- Check for working CXX compiler: /usr/bin/c++ - skipped
[0.550s] -- Detecting CXX compile features
[0.550s] -- Detecting CXX compile features - done
[0.570s] -- Found ament_cmake: 1.3.12 (/opt/ros/humble/share/ament_cmake/cmake)
[0.768s] -- Found Python3: /usr/bin/python3 (found version "3.10.12") found components: Interpreter 
[1.029s] -- Found urdf: 2.6.1 (/opt/ros/humble/share/urdf/cmake)
[1.313s] -- Configuring done
[1.317s] -- Generating done
[1.319s] -- Build files have been written to: /home/ishaan/turtlebot_sim/build/turtlebot3_description
[1.328s] Invoked command in '/home/ishaan/turtlebot_sim/build/turtlebot3_description' returned '0': CMAKE_PREFIX_PATH=${CMAKE_PREFIX_PATH}:/home/ishaan/turtlebot_sim/install/turtlebot3_online_slam_navigation:/home/ishaan/turtlebot3_ws/install/turtlebot3_teleop:/home/ishaan/turtlebot3_ws/install/turtlebot3_example:/home/ishaan/ws_moveit2/install/moveit_configs_utils:/home/ishaan/ws_moveit2/install/launch_param_builder:/opt/ros/humble /usr/bin/cmake /home/ishaan/turtlebot_sim/turtlebot3/turtlebot3_description -DCMAKE_INSTALL_PREFIX=/home/ishaan/turtlebot_sim/install/turtlebot3_description
[1.329s] Invoking command in '/home/ishaan/turtlebot_sim/build/turtlebot3_description': CMAKE_PREFIX_PATH=${CMAKE_PREFIX_PATH}:/home/ishaan/turtlebot_sim/install/turtlebot3_online_slam_navigation:/home/ishaan/turtlebot3_ws/install/turtlebot3_teleop:/home/ishaan/turtlebot3_ws/install/turtlebot3_example:/home/ishaan/ws_moveit2/install/moveit_configs_utils:/home/ishaan/ws_moveit2/install/launch_param_builder:/opt/ros/humble /usr/bin/cmake --build /home/ishaan/turtlebot_sim/build/turtlebot3_description -- -j12 -l12
[1.396s] Invoked command in '/home/ishaan/turtlebot_sim/build/turtlebot3_description' returned '0': CMAKE_PREFIX_PATH=${CMAKE_PREFIX_PATH}:/home/ishaan/turtlebot_sim/install/turtlebot3_online_slam_navigation:/home/ishaan/turtlebot3_ws/install/turtlebot3_teleop:/home/ishaan/turtlebot3_ws/install/turtlebot3_example:/home/ishaan/ws_moveit2/install/moveit_configs_utils:/home/ishaan/ws_moveit2/install/launch_param_builder:/opt/ros/humble /usr/bin/cmake --build /home/ishaan/turtlebot_sim/build/turtlebot3_description -- -j12 -l12
[1.398s] Invoking command in '/home/ishaan/turtlebot_sim/build/turtlebot3_description': CMAKE_PREFIX_PATH=${CMAKE_PREFIX_PATH}:/home/ishaan/turtlebot_sim/install/turtlebot3_online_slam_navigation:/home/ishaan/turtlebot3_ws/install/turtlebot3_teleop:/home/ishaan/turtlebot3_ws/install/turtlebot3_example:/home/ishaan/ws_moveit2/install/moveit_configs_utils:/home/ishaan/ws_moveit2/install/launch_param_builder:/opt/ros/humble /usr/bin/cmake --install /home/ishaan/turtlebot_sim/build/turtlebot3_description
[1.411s] -- Install configuration: ""
[1.412s] -- Installing: /home/ishaan/turtlebot_sim/install/turtlebot3_description/share/turtlebot3_description/meshes
[1.412s] -- Installing: /home/ishaan/turtlebot_sim/install/turtlebot3_description/share/turtlebot3_description/meshes/bases
[1.412s] -- Installing: /home/ishaan/turtlebot_sim/install/turtlebot3_description/share/turtlebot3_description/meshes/bases/burger_base.stl
[1.418s] -- Installing: /home/ishaan/turtlebot_sim/install/turtlebot3_description/share/turtlebot3_description/meshes/bases/waffle_pi_base.stl
[1.427s] -- Installing: /home/ishaan/turtlebot_sim/install/turtlebot3_description/share/turtlebot3_description/meshes/bases/waffle_base.stl
[1.446s] -- Installing: /home/ishaan/turtlebot_sim/install/turtlebot3_description/share/turtlebot3_description/meshes/wheels
[1.446s] -- Installing: /home/ishaan/turtlebot_sim/install/turtlebot3_description/share/turtlebot3_description/meshes/wheels/right_tire.stl
[1.447s] -- Installing: /home/ishaan/turtlebot_sim/install/turtlebot3_description/share/turtlebot3_description/meshes/wheels/left_tire.stl
[1.449s] -- Installing: /home/ishaan/turtlebot_sim/install/turtlebot3_description/share/turtlebot3_description/meshes/sensors
[1.449s] -- Installing: /home/ishaan/turtlebot_sim/install/turtlebot3_description/share/turtlebot3_description/meshes/sensors/astra.dae
[1.459s] -- Installing: /home/ishaan/turtlebot_sim/install/turtlebot3_description/share/turtlebot3_description/meshes/sensors/r200.dae
[1.459s] -- Installing: /home/ishaan/turtlebot_sim/install/turtlebot3_description/share/turtlebot3_description/meshes/sensors/astra.jpg
[1.459s] -- Installing: /home/ishaan/turtlebot_sim/install/turtlebot3_description/share/turtlebot3_description/meshes/sensors/r200.jpg
[1.459s] -- Installing: /home/ishaan/turtlebot_sim/install/turtlebot3_description/share/turtlebot3_description/meshes/sensors/lds.stl
[1.461s] -- Installing: /home/ishaan/turtlebot_sim/install/turtlebot3_description/share/turtlebot3_description/rviz
[1.461s] -- Installing: /home/ishaan/turtlebot_sim/install/turtlebot3_description/share/turtlebot3_description/rviz/model.rviz
[1.461s] -- Installing: /home/ishaan/turtlebot_sim/install/turtlebot3_description/share/turtlebot3_description/urdf
[1.461s] -- Installing: /home/ishaan/turtlebot_sim/install/turtlebot3_description/share/turtlebot3_description/urdf/turtlebot3_waffle.urdf
[1.461s] -- Installing: /home/ishaan/turtlebot_sim/install/turtlebot3_description/share/turtlebot3_description/urdf/turtlebot3_burger.urdf
[1.461s] -- Installing: /home/ishaan/turtlebot_sim/install/turtlebot3_description/share/turtlebot3_description/urdf/common_properties.urdf
[1.461s] -- Installing: /home/ishaan/turtlebot_sim/install/turtlebot3_description/share/turtlebot3_description/urdf/turtlebot3_waffle_pi.urdf
[1.461s] -- Installing: /home/ishaan/turtlebot_sim/install/turtlebot3_description/share/ament_index/resource_index/package_run_dependencies/turtlebot3_description
[1.462s] -- Installing: /home/ishaan/turtlebot_sim/install/turtlebot3_description/share/ament_index/resource_index/parent_prefix_path/turtlebot3_description
[1.462s] -- Installing: /home/ishaan/turtlebot_sim/install/turtlebot3_description/share/turtlebot3_description/environment/ament_prefix_path.sh
[1.462s] -- Installing: /home/ishaan/turtlebot_sim/install/turtlebot3_description/share/turtlebot3_description/environment/ament_prefix_path.dsv
[1.462s] -- Installing: /home/ishaan/turtlebot_sim/install/turtlebot3_description/share/turtlebot3_description/environment/path.sh
[1.462s] -- Installing: /home/ishaan/turtlebot_sim/install/turtlebot3_description/share/turtlebot3_description/environment/path.dsv
[1.462s] -- Installing: /home/ishaan/turtlebot_sim/install/turtlebot3_description/share/turtlebot3_description/local_setup.bash
[1.462s] -- Installing: /home/ishaan/turtlebot_sim/install/turtlebot3_description/share/turtlebot3_description/local_setup.sh
[1.463s] -- Installing: /home/ishaan/turtlebot_sim/install/turtlebot3_description/share/turtlebot3_description/local_setup.zsh
[1.463s] -- Installing: /home/ishaan/turtlebot_sim/install/turtlebot3_description/share/turtlebot3_description/local_setup.dsv
[1.463s] -- Installing: /home/ishaan/turtlebot_sim/install/turtlebot3_description/share/turtlebot3_description/package.dsv
[1.463s] -- Installing: /home/ishaan/turtlebot_sim/install/turtlebot3_description/share/ament_index/resource_index/packages/turtlebot3_description
[1.464s] -- Installing: /home/ishaan/turtlebot_sim/install/turtlebot3_description/share/turtlebot3_description/cmake/turtlebot3_descriptionConfig.cmake
[1.464s] -- Installing: /home/ishaan/turtlebot_sim/install/turtlebot3_description/share/turtlebot3_description/cmake/turtlebot3_descriptionConfig-version.cmake
[1.464s] -- Installing: /home/ishaan/turtlebot_sim/install/turtlebot3_description/share/turtlebot3_description/package.xml
[1.466s] Invoked command in '/home/ishaan/turtlebot_sim/build/turtlebot3_description' returned '0': CMAKE_PREFIX_PATH=${CMAKE_PREFIX_PATH}:/home/ishaan/turtlebot_sim/install/turtlebot3_online_slam_navigation:/home/ishaan/turtlebot3_ws/install/turtlebot3_teleop:/home/ishaan/turtlebot3_ws/install/turtlebot3_example:/home/ishaan/ws_moveit2/install/moveit_configs_utils:/home/ishaan/ws_moveit2/install/launch_param_builder:/opt/ros/humble /usr/bin/cmake --install /home/ishaan/turtlebot_sim/build/turtlebot3_description
