[0.015s] Invoking command in '/home/ishaan/turtlebot_sim/build/turtlebot3_cartographer': CMAKE_PREFIX_PATH=${CMAKE_PREFIX_PATH}:/home/ishaan/turtlebot3_ws/install/turtlebot3_teleop:/home/ishaan/turtlebot3_ws/install/turtlebot3_example:/home/ishaan/ws_moveit2/install/moveit_configs_utils:/home/ishaan/ws_moveit2/install/launch_param_builder:/opt/ros/humble /usr/bin/cmake /home/ishaan/turtlebot_sim/turtlebot3/turtlebot3_cartographer -DCMAKE_INSTALL_PREFIX=/home/ishaan/turtlebot_sim/install/turtlebot3_cartographer
[0.099s] -- The C compiler identification is GNU 11.4.0
[0.182s] -- The CXX compiler identification is GNU 11.4.0
[0.196s] -- Detecting C compiler ABI info
[0.297s] -- Detecting C compiler ABI info - done
[0.307s] -- Check for working C compiler: /usr/bin/cc - skipped
[0.309s] -- Detecting C compile features
[0.309s] -- Detecting C compile features - done
[0.313s] -- Detecting CXX compiler ABI info
[0.417s] -- Detecting CXX compiler ABI info - done
[0.428s] -- Check for working CXX compiler: /usr/bin/c++ - skipped
[0.428s] -- Detecting CXX compile features
[0.428s] -- Detecting CXX compile features - done
[0.441s] -- Found ament_cmake: 1.3.12 (/opt/ros/humble/share/ament_cmake/cmake)
[0.663s] -- Found Python3: /usr/bin/python3 (found version "3.10.12") found components: Interpreter 
[0.849s] -- Configuring done
[0.850s] -- Generating done
[0.852s] -- Build files have been written to: /home/ishaan/turtlebot_sim/build/turtlebot3_cartographer
[0.855s] Invoked command in '/home/ishaan/turtlebot_sim/build/turtlebot3_cartographer' returned '0': CMAKE_PREFIX_PATH=${CMAKE_PREFIX_PATH}:/home/ishaan/turtlebot3_ws/install/turtlebot3_teleop:/home/ishaan/turtlebot3_ws/install/turtlebot3_example:/home/ishaan/ws_moveit2/install/moveit_configs_utils:/home/ishaan/ws_moveit2/install/launch_param_builder:/opt/ros/humble /usr/bin/cmake /home/ishaan/turtlebot_sim/turtlebot3/turtlebot3_cartographer -DCMAKE_INSTALL_PREFIX=/home/ishaan/turtlebot_sim/install/turtlebot3_cartographer
[0.857s] Invoking command in '/home/ishaan/turtlebot_sim/build/turtlebot3_cartographer': CMAKE_PREFIX_PATH=${CMAKE_PREFIX_PATH}:/home/ishaan/turtlebot3_ws/install/turtlebot3_teleop:/home/ishaan/turtlebot3_ws/install/turtlebot3_example:/home/ishaan/ws_moveit2/install/moveit_configs_utils:/home/ishaan/ws_moveit2/install/launch_param_builder:/opt/ros/humble /usr/bin/cmake --build /home/ishaan/turtlebot_sim/build/turtlebot3_cartographer -- -j12 -l12
[0.903s] Invoked command in '/home/ishaan/turtlebot_sim/build/turtlebot3_cartographer' returned '0': CMAKE_PREFIX_PATH=${CMAKE_PREFIX_PATH}:/home/ishaan/turtlebot3_ws/install/turtlebot3_teleop:/home/ishaan/turtlebot3_ws/install/turtlebot3_example:/home/ishaan/ws_moveit2/install/moveit_configs_utils:/home/ishaan/ws_moveit2/install/launch_param_builder:/opt/ros/humble /usr/bin/cmake --build /home/ishaan/turtlebot_sim/build/turtlebot3_cartographer -- -j12 -l12
[0.906s] Invoking command in '/home/ishaan/turtlebot_sim/build/turtlebot3_cartographer': CMAKE_PREFIX_PATH=${CMAKE_PREFIX_PATH}:/home/ishaan/turtlebot3_ws/install/turtlebot3_teleop:/home/ishaan/turtlebot3_ws/install/turtlebot3_example:/home/ishaan/ws_moveit2/install/moveit_configs_utils:/home/ishaan/ws_moveit2/install/launch_param_builder:/opt/ros/humble /usr/bin/cmake --install /home/ishaan/turtlebot_sim/build/turtlebot3_cartographer
[0.913s] -- Install configuration: ""
[0.914s] -- Installing: /home/ishaan/turtlebot_sim/install/turtlebot3_cartographer/share/turtlebot3_cartographer/config
[0.914s] -- Installing: /home/ishaan/turtlebot_sim/install/turtlebot3_cartographer/share/turtlebot3_cartographer/config/turtlebot3_lds_2d.lua
[0.914s] -- Installing: /home/ishaan/turtlebot_sim/install/turtlebot3_cartographer/share/turtlebot3_cartographer/launch
[0.914s] -- Installing: /home/ishaan/turtlebot_sim/install/turtlebot3_cartographer/share/turtlebot3_cartographer/launch/cartographer.launch.py
[0.914s] -- Installing: /home/ishaan/turtlebot_sim/install/turtlebot3_cartographer/share/turtlebot3_cartographer/launch/occupancy_grid.launch.py
[0.914s] -- Installing: /home/ishaan/turtlebot_sim/install/turtlebot3_cartographer/share/turtlebot3_cartographer/rviz
[0.914s] -- Installing: /home/ishaan/turtlebot_sim/install/turtlebot3_cartographer/share/turtlebot3_cartographer/rviz/tb3_cartographer.rviz
[0.915s] -- Installing: /home/ishaan/turtlebot_sim/install/turtlebot3_cartographer/share/ament_index/resource_index/package_run_dependencies/turtlebot3_cartographer
[0.915s] -- Installing: /home/ishaan/turtlebot_sim/install/turtlebot3_cartographer/share/ament_index/resource_index/parent_prefix_path/turtlebot3_cartographer
[0.915s] -- Installing: /home/ishaan/turtlebot_sim/install/turtlebot3_cartographer/share/turtlebot3_cartographer/environment/ament_prefix_path.sh
[0.915s] -- Installing: /home/ishaan/turtlebot_sim/install/turtlebot3_cartographer/share/turtlebot3_cartographer/environment/ament_prefix_path.dsv
[0.915s] -- Installing: /home/ishaan/turtlebot_sim/install/turtlebot3_cartographer/share/turtlebot3_cartographer/environment/path.sh
[0.915s] -- Installing: /home/ishaan/turtlebot_sim/install/turtlebot3_cartographer/share/turtlebot3_cartographer/environment/path.dsv
[0.915s] -- Installing: /home/ishaan/turtlebot_sim/install/turtlebot3_cartographer/share/turtlebot3_cartographer/local_setup.bash
[0.915s] -- Installing: /home/ishaan/turtlebot_sim/install/turtlebot3_cartographer/share/turtlebot3_cartographer/local_setup.sh
[0.916s] -- Installing: /home/ishaan/turtlebot_sim/install/turtlebot3_cartographer/share/turtlebot3_cartographer/local_setup.zsh
[0.916s] -- Installing: /home/ishaan/turtlebot_sim/install/turtlebot3_cartographer/share/turtlebot3_cartographer/local_setup.dsv
[0.916s] -- Installing: /home/ishaan/turtlebot_sim/install/turtlebot3_cartographer/share/turtlebot3_cartographer/package.dsv
[0.916s] -- Installing: /home/ishaan/turtlebot_sim/install/turtlebot3_cartographer/share/ament_index/resource_index/packages/turtlebot3_cartographer
[0.916s] -- Installing: /home/ishaan/turtlebot_sim/install/turtlebot3_cartographer/share/turtlebot3_cartographer/cmake/turtlebot3_cartographerConfig.cmake
[0.916s] -- Installing: /home/ishaan/turtlebot_sim/install/turtlebot3_cartographer/share/turtlebot3_cartographer/cmake/turtlebot3_cartographerConfig-version.cmake
[0.916s] -- Installing: /home/ishaan/turtlebot_sim/install/turtlebot3_cartographer/share/turtlebot3_cartographer/package.xml
[0.918s] Invoked command in '/home/ishaan/turtlebot_sim/build/turtlebot3_cartographer' returned '0': CMAKE_PREFIX_PATH=${CMAKE_PREFIX_PATH}:/home/ishaan/turtlebot3_ws/install/turtlebot3_teleop:/home/ishaan/turtlebot3_ws/install/turtlebot3_example:/home/ishaan/ws_moveit2/install/moveit_configs_utils:/home/ishaan/ws_moveit2/install/launch_param_builder:/opt/ros/humble /usr/bin/cmake --install /home/ishaan/turtlebot_sim/build/turtlebot3_cartographer
