[0.053s] Invoking command in '/home/ishaan/turtlebot_sim/build/turtlebot3_cartographer': CMAKE_PREFIX_PATH=${CMAKE_PREFIX_PATH}:/home/ishaan/turtlebot_sim/install/turtlebot3_teleop:/home/ishaan/turtlebot_sim/install/turtlebot3_example:/home/ishaan/turtlebot_sim/install/turtlebot3_online_slam_navigation:/home/ishaan/turtlebot3_ws/install/turtlebot3_teleop:/home/ishaan/turtlebot3_ws/install/turtlebot3_example:/home/ishaan/ws_moveit2/install/moveit_configs_utils:/home/ishaan/ws_moveit2/install/launch_param_builder:/opt/ros/humble /usr/bin/cmake --build /home/ishaan/turtlebot_sim/build/turtlebot3_cartographer -- -j12 -l12
[0.494s] Invoked command in '/home/ishaan/turtlebot_sim/build/turtlebot3_cartographer' returned '0': CMAKE_PREFIX_PATH=${CMAKE_PREFIX_PATH}:/home/ishaan/turtlebot_sim/install/turtlebot3_teleop:/home/ishaan/turtlebot_sim/install/turtlebot3_example:/home/ishaan/turtlebot_sim/install/turtlebot3_online_slam_navigation:/home/ishaan/turtlebot3_ws/install/turtlebot3_teleop:/home/ishaan/turtlebot3_ws/install/turtlebot3_example:/home/ishaan/ws_moveit2/install/moveit_configs_utils:/home/ishaan/ws_moveit2/install/launch_param_builder:/opt/ros/humble /usr/bin/cmake --build /home/ishaan/turtlebot_sim/build/turtlebot3_cartographer -- -j12 -l12
[0.497s] Invoking command in '/home/ishaan/turtlebot_sim/build/turtlebot3_cartographer': CMAKE_PREFIX_PATH=${CMAKE_PREFIX_PATH}:/home/ishaan/turtlebot_sim/install/turtlebot3_teleop:/home/ishaan/turtlebot_sim/install/turtlebot3_example:/home/ishaan/turtlebot_sim/install/turtlebot3_online_slam_navigation:/home/ishaan/turtlebot3_ws/install/turtlebot3_teleop:/home/ishaan/turtlebot3_ws/install/turtlebot3_example:/home/ishaan/ws_moveit2/install/moveit_configs_utils:/home/ishaan/ws_moveit2/install/launch_param_builder:/opt/ros/humble /usr/bin/cmake --install /home/ishaan/turtlebot_sim/build/turtlebot3_cartographer
[0.712s] -- Install configuration: ""
[0.712s] -- Up-to-date: /home/ishaan/turtlebot_sim/install/turtlebot3_cartographer/share/turtlebot3_cartographer/config
[0.712s] -- Up-to-date: /home/ishaan/turtlebot_sim/install/turtlebot3_cartographer/share/turtlebot3_cartographer/config/turtlebot3_lds_2d.lua
[0.713s] -- Up-to-date: /home/ishaan/turtlebot_sim/install/turtlebot3_cartographer/share/turtlebot3_cartographer/launch
[0.713s] -- Up-to-date: /home/ishaan/turtlebot_sim/install/turtlebot3_cartographer/share/turtlebot3_cartographer/launch/cartographer.launch.py
[0.713s] -- Up-to-date: /home/ishaan/turtlebot_sim/install/turtlebot3_cartographer/share/turtlebot3_cartographer/launch/occupancy_grid.launch.py
[0.713s] -- Up-to-date: /home/ishaan/turtlebot_sim/install/turtlebot3_cartographer/share/turtlebot3_cartographer/rviz
[0.713s] -- Up-to-date: /home/ishaan/turtlebot_sim/install/turtlebot3_cartographer/share/turtlebot3_cartographer/rviz/tb3_cartographer.rviz
[0.713s] -- Up-to-date: /home/ishaan/turtlebot_sim/install/turtlebot3_cartographer/share/ament_index/resource_index/package_run_dependencies/turtlebot3_cartographer
[0.715s] -- Up-to-date: /home/ishaan/turtlebot_sim/install/turtlebot3_cartographer/share/ament_index/resource_index/parent_prefix_path/turtlebot3_cartographer
[0.715s] -- Up-to-date: /home/ishaan/turtlebot_sim/install/turtlebot3_cartographer/share/turtlebot3_cartographer/environment/ament_prefix_path.sh
[0.715s] -- Up-to-date: /home/ishaan/turtlebot_sim/install/turtlebot3_cartographer/share/turtlebot3_cartographer/environment/ament_prefix_path.dsv
[0.715s] -- Up-to-date: /home/ishaan/turtlebot_sim/install/turtlebot3_cartographer/share/turtlebot3_cartographer/environment/path.sh
[0.715s] -- Up-to-date: /home/ishaan/turtlebot_sim/install/turtlebot3_cartographer/share/turtlebot3_cartographer/environment/path.dsv
[0.715s] -- Up-to-date: /home/ishaan/turtlebot_sim/install/turtlebot3_cartographer/share/turtlebot3_cartographer/local_setup.bash
[0.716s] -- Up-to-date: /home/ishaan/turtlebot_sim/install/turtlebot3_cartographer/share/turtlebot3_cartographer/local_setup.sh
[0.716s] -- Up-to-date: /home/ishaan/turtlebot_sim/install/turtlebot3_cartographer/share/turtlebot3_cartographer/local_setup.zsh
[0.716s] -- Up-to-date: /home/ishaan/turtlebot_sim/install/turtlebot3_cartographer/share/turtlebot3_cartographer/local_setup.dsv
[0.716s] -- Up-to-date: /home/ishaan/turtlebot_sim/install/turtlebot3_cartographer/share/turtlebot3_cartographer/package.dsv
[0.716s] -- Up-to-date: /home/ishaan/turtlebot_sim/install/turtlebot3_cartographer/share/ament_index/resource_index/packages/turtlebot3_cartographer
[0.716s] -- Up-to-date: /home/ishaan/turtlebot_sim/install/turtlebot3_cartographer/share/turtlebot3_cartographer/cmake/turtlebot3_cartographerConfig.cmake
[0.716s] -- Up-to-date: /home/ishaan/turtlebot_sim/install/turtlebot3_cartographer/share/turtlebot3_cartographer/cmake/turtlebot3_cartographerConfig-version.cmake
[0.716s] -- Up-to-date: /home/ishaan/turtlebot_sim/install/turtlebot3_cartographer/share/turtlebot3_cartographer/package.xml
[0.756s] Invoked command in '/home/ishaan/turtlebot_sim/build/turtlebot3_cartographer' returned '0': CMAKE_PREFIX_PATH=${CMAKE_PREFIX_PATH}:/home/ishaan/turtlebot_sim/install/turtlebot3_teleop:/home/ishaan/turtlebot_sim/install/turtlebot3_example:/home/ishaan/turtlebot_sim/install/turtlebot3_online_slam_navigation:/home/ishaan/turtlebot3_ws/install/turtlebot3_teleop:/home/ishaan/turtlebot3_ws/install/turtlebot3_example:/home/ishaan/ws_moveit2/install/moveit_configs_utils:/home/ishaan/ws_moveit2/install/launch_param_builder:/opt/ros/humble /usr/bin/cmake --install /home/ishaan/turtlebot_sim/build/turtlebot3_cartographer
