[0.040s] Invoking command in '/home/ishaan/turtlebot_sim/build/turtlebot3_node': CMAKE_PREFIX_PATH=${CMAKE_PREFIX_PATH}:/home/ishaan/turtlebot_sim/install/turtlebot3_online_slam_navigation:/home/ishaan/turtlebot3_ws/install/turtlebot3_teleop:/home/ishaan/turtlebot3_ws/install/turtlebot3_example:/home/ishaan/ws_moveit2/install/moveit_configs_utils:/home/ishaan/ws_moveit2/install/launch_param_builder:/opt/ros/humble /usr/bin/cmake /home/ishaan/turtlebot_sim/turtlebot3/turtlebot3_node -DCMAKE_INSTALL_PREFIX=/home/ishaan/turtlebot_sim/install/turtlebot3_node
[0.445s] -- The C compiler identification is GNU 11.4.0
[0.446s] -- The CXX compiler identification is GNU 11.4.0
[0.446s] -- Detecting C compiler ABI info
[0.446s] -- Detecting C compiler ABI info - done
[0.446s] -- Check for working C compiler: /usr/bin/cc - skipped
[0.446s] -- Detecting C compile features
[0.446s] -- Detecting C compile features - done
[0.446s] -- Detecting CXX compiler ABI info
[0.537s] -- Detecting CXX compiler ABI info - done
[0.545s] -- Check for working CXX compiler: /usr/bin/c++ - skipped
[0.546s] -- Detecting CXX compile features
[0.546s] -- Detecting CXX compile features - done
[0.563s] -- Found ament_cmake: 1.3.12 (/opt/ros/humble/share/ament_cmake/cmake)
[0.761s] -- Found Python3: /usr/bin/python3 (found version "3.10.12") found components: Interpreter 
[1.012s] -- Found dynamixel_sdk: 3.8.4 (/home/ishaan/turtlebot3_ws/install/dynamixel_sdk/share/dynamixel_sdk/cmake)
[1.026s] -- Found geometry_msgs: 4.9.0 (/opt/ros/humble/share/geometry_msgs/cmake)
[1.125s] -- Found rosidl_generator_c: 3.1.7 (/opt/ros/humble/share/rosidl_generator_c/cmake)
[1.138s] -- Found rosidl_adapter: 3.1.7 (/opt/ros/humble/share/rosidl_adapter/cmake)
[1.170s] -- Found rosidl_generator_cpp: 3.1.7 (/opt/ros/humble/share/rosidl_generator_cpp/cmake)
[1.211s] -- Using all available rosidl_typesupport_c: rosidl_typesupport_fastrtps_c;rosidl_typesupport_introspection_c
[1.250s] -- Using all available rosidl_typesupport_cpp: rosidl_typesupport_fastrtps_cpp;rosidl_typesupport_introspection_cpp
[1.333s] -- Found message_filters: 4.3.8 (/opt/ros/humble/share/message_filters/cmake)
[1.487s] -- Found rmw_implementation_cmake: 6.1.2 (/opt/ros/humble/share/rmw_implementation_cmake/cmake)
[1.505s] -- Found rmw_cyclonedds_cpp: 1.3.4 (/opt/ros/humble/share/rmw_cyclonedds_cpp/cmake)
[1.557s] -- Using RMW implementation 'rmw_cyclonedds_cpp' as default
[1.576s] -- Looking for pthread.h
[1.684s] -- Looking for pthread.h - found
[1.685s] -- Performing Test CMAKE_HAVE_LIBC_PTHREAD
[1.779s] -- Performing Test CMAKE_HAVE_LIBC_PTHREAD - Success
[1.780s] -- Found Threads: TRUE  
[1.835s] -- Found nav_msgs: 4.9.0 (/opt/ros/humble/share/nav_msgs/cmake)
[1.852s] -- Found sensor_msgs: 4.9.0 (/opt/ros/humble/share/sensor_msgs/cmake)
[1.868s] -- Found std_srvs: 4.9.0 (/opt/ros/humble/share/std_srvs/cmake)
[1.879s] -- Found tf2: 0.25.15 (/opt/ros/humble/share/tf2/cmake)
[1.893s] -- Found tf2_ros: 0.25.15 (/opt/ros/humble/share/tf2_ros/cmake)
[1.981s] -- Found turtlebot3_msgs: 2.4.0 (/home/ishaan/turtlebot3_ws/install/turtlebot3_msgs/share/turtlebot3_msgs/cmake)
[2.058s] -- Configuring done
[2.071s] -- Generating done
[2.075s] -- Build files have been written to: /home/ishaan/turtlebot_sim/build/turtlebot3_node
[2.083s] Invoked command in '/home/ishaan/turtlebot_sim/build/turtlebot3_node' returned '0': CMAKE_PREFIX_PATH=${CMAKE_PREFIX_PATH}:/home/ishaan/turtlebot_sim/install/turtlebot3_online_slam_navigation:/home/ishaan/turtlebot3_ws/install/turtlebot3_teleop:/home/ishaan/turtlebot3_ws/install/turtlebot3_example:/home/ishaan/ws_moveit2/install/moveit_configs_utils:/home/ishaan/ws_moveit2/install/launch_param_builder:/opt/ros/humble /usr/bin/cmake /home/ishaan/turtlebot_sim/turtlebot3/turtlebot3_node -DCMAKE_INSTALL_PREFIX=/home/ishaan/turtlebot_sim/install/turtlebot3_node
[2.085s] Invoking command in '/home/ishaan/turtlebot_sim/build/turtlebot3_node': CMAKE_PREFIX_PATH=${CMAKE_PREFIX_PATH}:/home/ishaan/turtlebot_sim/install/turtlebot3_online_slam_navigation:/home/ishaan/turtlebot3_ws/install/turtlebot3_teleop:/home/ishaan/turtlebot3_ws/install/turtlebot3_example:/home/ishaan/ws_moveit2/install/moveit_configs_utils:/home/ishaan/ws_moveit2/install/launch_param_builder:/opt/ros/humble /usr/bin/cmake --build /home/ishaan/turtlebot_sim/build/turtlebot3_node -- -j12 -l12
[2.174s] [  7%] [32mBuilding CXX object CMakeFiles/turtlebot3_node_lib.dir/src/diff_drive_controller.cpp.o[0m
[2.174s] [ 14%] [32mBuilding CXX object CMakeFiles/turtlebot3_node_lib.dir/src/devices/sound.cpp.o[0m
[2.175s] [ 21%] [32mBuilding CXX object CMakeFiles/turtlebot3_node_lib.dir/src/sensors/imu.cpp.o[0m
[2.175s] [ 50%] [32mBuilding CXX object CMakeFiles/turtlebot3_node_lib.dir/src/devices/motor_power.cpp.o[0m
[2.175s] [ 50%] [32mBuilding CXX object CMakeFiles/turtlebot3_node_lib.dir/src/odometry.cpp.o[0m
[2.176s] [ 50%] [32mBuilding CXX object CMakeFiles/turtlebot3_node_lib.dir/src/dynamixel_sdk_wrapper.cpp.o[0m
[2.176s] [ 50%] [32mBuilding CXX object CMakeFiles/turtlebot3_node_lib.dir/src/devices/reset.cpp.o[0m
[2.176s] [ 57%] [32mBuilding CXX object CMakeFiles/turtlebot3_node_lib.dir/src/turtlebot3.cpp.o[0m
[2.177s] [ 71%] [32mBuilding CXX object CMakeFiles/turtlebot3_node_lib.dir/src/sensors/sensor_state.cpp.o[0m
[2.178s] [ 71%] [32mBuilding CXX object CMakeFiles/turtlebot3_node_lib.dir/src/sensors/battery_state.cpp.o[0m
[2.178s] [ 78%] [32mBuilding CXX object CMakeFiles/turtlebot3_node_lib.dir/src/sensors/joint_state.cpp.o[0m
[15.259s] [ 85%] [32m[1mLinking CXX static library libturtlebot3_node_lib.a[0m
[15.770s] [ 85%] Built target turtlebot3_node_lib
[15.813s] [ 92%] [32mBuilding CXX object CMakeFiles/turtlebot3_ros.dir/src/node_main.cpp.o[0m
[18.214s] [100%] [32m[1mLinking CXX executable turtlebot3_ros[0m
[19.622s] [100%] Built target turtlebot3_ros
[19.636s] Invoked command in '/home/ishaan/turtlebot_sim/build/turtlebot3_node' returned '0': CMAKE_PREFIX_PATH=${CMAKE_PREFIX_PATH}:/home/ishaan/turtlebot_sim/install/turtlebot3_online_slam_navigation:/home/ishaan/turtlebot3_ws/install/turtlebot3_teleop:/home/ishaan/turtlebot3_ws/install/turtlebot3_example:/home/ishaan/ws_moveit2/install/moveit_configs_utils:/home/ishaan/ws_moveit2/install/launch_param_builder:/opt/ros/humble /usr/bin/cmake --build /home/ishaan/turtlebot_sim/build/turtlebot3_node -- -j12 -l12
[19.638s] Invoking command in '/home/ishaan/turtlebot_sim/build/turtlebot3_node': CMAKE_PREFIX_PATH=${CMAKE_PREFIX_PATH}:/home/ishaan/turtlebot_sim/install/turtlebot3_online_slam_navigation:/home/ishaan/turtlebot3_ws/install/turtlebot3_teleop:/home/ishaan/turtlebot3_ws/install/turtlebot3_example:/home/ishaan/ws_moveit2/install/moveit_configs_utils:/home/ishaan/ws_moveit2/install/launch_param_builder:/opt/ros/humble /usr/bin/cmake --install /home/ishaan/turtlebot_sim/build/turtlebot3_node
[19.653s] -- Install configuration: ""
[19.653s] -- Installing: /home/ishaan/turtlebot_sim/install/turtlebot3_node/share/turtlebot3_node/param
[19.653s] -- Installing: /home/ishaan/turtlebot_sim/install/turtlebot3_node/share/turtlebot3_node/param/burger.yaml
[19.654s] -- Installing: /home/ishaan/turtlebot_sim/install/turtlebot3_node/share/turtlebot3_node/param/waffle_pi.yaml
[19.654s] -- Installing: /home/ishaan/turtlebot_sim/install/turtlebot3_node/share/turtlebot3_node/param/waffle.yaml
[19.654s] -- Installing: /home/ishaan/turtlebot_sim/install/turtlebot3_node/lib/turtlebot3_node/turtlebot3_ros
[19.663s] -- Set runtime path of "/home/ishaan/turtlebot_sim/install/turtlebot3_node/lib/turtlebot3_node/turtlebot3_ros" to ""
[19.663s] -- Installing: /home/ishaan/turtlebot_sim/install/turtlebot3_node/share/ament_index/resource_index/package_run_dependencies/turtlebot3_node
[19.663s] -- Installing: /home/ishaan/turtlebot_sim/install/turtlebot3_node/share/ament_index/resource_index/parent_prefix_path/turtlebot3_node
[19.663s] -- Installing: /home/ishaan/turtlebot_sim/install/turtlebot3_node/share/turtlebot3_node/environment/ament_prefix_path.sh
[19.664s] -- Installing: /home/ishaan/turtlebot_sim/install/turtlebot3_node/share/turtlebot3_node/environment/ament_prefix_path.dsv
[19.664s] -- Installing: /home/ishaan/turtlebot_sim/install/turtlebot3_node/share/turtlebot3_node/environment/path.sh
[19.664s] -- Installing: /home/ishaan/turtlebot_sim/install/turtlebot3_node/share/turtlebot3_node/environment/path.dsv
[19.664s] -- Installing: /home/ishaan/turtlebot_sim/install/turtlebot3_node/share/turtlebot3_node/local_setup.bash
[19.664s] -- Installing: /home/ishaan/turtlebot_sim/install/turtlebot3_node/share/turtlebot3_node/local_setup.sh
[19.664s] -- Installing: /home/ishaan/turtlebot_sim/install/turtlebot3_node/share/turtlebot3_node/local_setup.zsh
[19.664s] -- Installing: /home/ishaan/turtlebot_sim/install/turtlebot3_node/share/turtlebot3_node/local_setup.dsv
[19.665s] -- Installing: /home/ishaan/turtlebot_sim/install/turtlebot3_node/share/turtlebot3_node/package.dsv
[19.665s] -- Installing: /home/ishaan/turtlebot_sim/install/turtlebot3_node/share/ament_index/resource_index/packages/turtlebot3_node
[19.665s] -- Installing: /home/ishaan/turtlebot_sim/install/turtlebot3_node/share/turtlebot3_node/cmake/ament_cmake_export_dependencies-extras.cmake
[19.665s] -- Installing: /home/ishaan/turtlebot_sim/install/turtlebot3_node/share/turtlebot3_node/cmake/ament_cmake_export_include_directories-extras.cmake
[19.665s] -- Installing: /home/ishaan/turtlebot_sim/install/turtlebot3_node/share/turtlebot3_node/cmake/turtlebot3_nodeConfig.cmake
[19.665s] -- Installing: /home/ishaan/turtlebot_sim/install/turtlebot3_node/share/turtlebot3_node/cmake/turtlebot3_nodeConfig-version.cmake
[19.665s] -- Installing: /home/ishaan/turtlebot_sim/install/turtlebot3_node/share/turtlebot3_node/package.xml
[19.667s] Invoked command in '/home/ishaan/turtlebot_sim/build/turtlebot3_node' returned '0': CMAKE_PREFIX_PATH=${CMAKE_PREFIX_PATH}:/home/ishaan/turtlebot_sim/install/turtlebot3_online_slam_navigation:/home/ishaan/turtlebot3_ws/install/turtlebot3_teleop:/home/ishaan/turtlebot3_ws/install/turtlebot3_example:/home/ishaan/ws_moveit2/install/moveit_configs_utils:/home/ishaan/ws_moveit2/install/launch_param_builder:/opt/ros/humble /usr/bin/cmake --install /home/ishaan/turtlebot_sim/build/turtlebot3_node
