running egg_info
writing ../../build/turtlebot3_online_slam_navigation/turtlebot3_online_slam_navigation.egg-info/PKG-INFO
writing dependency_links to ../../build/turtlebot3_online_slam_navigation/turtlebot3_online_slam_navigation.egg-info/dependency_links.txt
writing entry points to ../../build/turtlebot3_online_slam_navigation/turtlebot3_online_slam_navigation.egg-info/entry_points.txt
writing requirements to ../../build/turtlebot3_online_slam_navigation/turtlebot3_online_slam_navigation.egg-info/requires.txt
writing top-level names to ../../build/turtlebot3_online_slam_navigation/turtlebot3_online_slam_navigation.egg-info/top_level.txt
reading manifest file '../../build/turtlebot3_online_slam_navigation/turtlebot3_online_slam_navigation.egg-info/SOURCES.txt'
writing manifest file '../../build/turtlebot3_online_slam_navigation/turtlebot3_online_slam_navigation.egg-info/SOURCES.txt'
running build
running build_py
running install
running install_lib
running install_data
creating /home/ishaan/turtlebot_sim/install/turtlebot3_online_slam_navigation/share/turtlebot3_online_slam_navigation/launch
copying launch/turtlebot3_online_slam_nav.launch.py -> /home/ishaan/turtlebot_sim/install/turtlebot3_online_slam_navigation/share/turtlebot3_online_slam_navigation/launch
creating /home/ishaan/turtlebot_sim/install/turtlebot3_online_slam_navigation/share/turtlebot3_online_slam_navigation/config
copying config/nav2_online_slam_params.yaml -> /home/ishaan/turtlebot_sim/install/turtlebot3_online_slam_navigation/share/turtlebot3_online_slam_navigation/config
running install_egg_info
removing '/home/ishaan/turtlebot_sim/install/turtlebot3_online_slam_navigation/lib/python3.10/site-packages/turtlebot3_online_slam_navigation-0.0.0-py3.10.egg-info' (and everything under it)
Copying ../../build/turtlebot3_online_slam_navigation/turtlebot3_online_slam_navigation.egg-info to /home/ishaan/turtlebot_sim/install/turtlebot3_online_slam_navigation/lib/python3.10/site-packages/turtlebot3_online_slam_navigation-0.0.0-py3.10.egg-info
running install_scripts
writing list of installed files to '/home/ishaan/turtlebot_sim/build/turtlebot3_online_slam_navigation/install.log'
