[0.044s] Invoking command in '/home/ishaan/turtlebot_sim/build/turtlebot3_node': CMAKE_PREFIX_PATH=${CMAKE_PREFIX_PATH}:/home/ishaan/turtlebot_sim/install/turtlebot3_teleop:/home/ishaan/turtlebot_sim/install/turtlebot3_example:/home/ishaan/turtlebot_sim/install/turtlebot3_online_slam_navigation:/home/ishaan/turtlebot3_ws/install/turtlebot3_teleop:/home/ishaan/turtlebot3_ws/install/turtlebot3_example:/home/ishaan/ws_moveit2/install/moveit_configs_utils:/home/ishaan/ws_moveit2/install/launch_param_builder:/opt/ros/humble /usr/bin/cmake --build /home/ishaan/turtlebot_sim/build/turtlebot3_node -- -j12 -l12
[0.474s] [ 85%] Built target turtlebot3_node_lib
[0.474s] [100%] Built target turtlebot3_ros
[0.476s] Invoked command in '/home/ishaan/turtlebot_sim/build/turtlebot3_node' returned '0': CMAKE_PREFIX_PATH=${CMAKE_PREFIX_PATH}:/home/ishaan/turtlebot_sim/install/turtlebot3_teleop:/home/ishaan/turtlebot_sim/install/turtlebot3_example:/home/ishaan/turtlebot_sim/install/turtlebot3_online_slam_navigation:/home/ishaan/turtlebot3_ws/install/turtlebot3_teleop:/home/ishaan/turtlebot3_ws/install/turtlebot3_example:/home/ishaan/ws_moveit2/install/moveit_configs_utils:/home/ishaan/ws_moveit2/install/launch_param_builder:/opt/ros/humble /usr/bin/cmake --build /home/ishaan/turtlebot_sim/build/turtlebot3_node -- -j12 -l12
[0.487s] Invoking command in '/home/ishaan/turtlebot_sim/build/turtlebot3_node': CMAKE_PREFIX_PATH=${CMAKE_PREFIX_PATH}:/home/ishaan/turtlebot_sim/install/turtlebot3_teleop:/home/ishaan/turtlebot_sim/install/turtlebot3_example:/home/ishaan/turtlebot_sim/install/turtlebot3_online_slam_navigation:/home/ishaan/turtlebot3_ws/install/turtlebot3_teleop:/home/ishaan/turtlebot3_ws/install/turtlebot3_example:/home/ishaan/ws_moveit2/install/moveit_configs_utils:/home/ishaan/ws_moveit2/install/launch_param_builder:/opt/ros/humble /usr/bin/cmake --install /home/ishaan/turtlebot_sim/build/turtlebot3_node
[0.684s] -- Install configuration: ""
[0.684s] -- Up-to-date: /home/ishaan/turtlebot_sim/install/turtlebot3_node/share/turtlebot3_node/param
[0.684s] -- Up-to-date: /home/ishaan/turtlebot_sim/install/turtlebot3_node/share/turtlebot3_node/param/burger.yaml
[0.684s] -- Up-to-date: /home/ishaan/turtlebot_sim/install/turtlebot3_node/share/turtlebot3_node/param/waffle_pi.yaml
[0.684s] -- Up-to-date: /home/ishaan/turtlebot_sim/install/turtlebot3_node/share/turtlebot3_node/param/waffle.yaml
[0.684s] -- Up-to-date: /home/ishaan/turtlebot_sim/install/turtlebot3_node/lib/turtlebot3_node/turtlebot3_ros
[0.684s] -- Up-to-date: /home/ishaan/turtlebot_sim/install/turtlebot3_node/share/ament_index/resource_index/package_run_dependencies/turtlebot3_node
[0.684s] -- Up-to-date: /home/ishaan/turtlebot_sim/install/turtlebot3_node/share/ament_index/resource_index/parent_prefix_path/turtlebot3_node
[0.684s] -- Up-to-date: /home/ishaan/turtlebot_sim/install/turtlebot3_node/share/turtlebot3_node/environment/ament_prefix_path.sh
[0.684s] -- Up-to-date: /home/ishaan/turtlebot_sim/install/turtlebot3_node/share/turtlebot3_node/environment/ament_prefix_path.dsv
[0.684s] -- Up-to-date: /home/ishaan/turtlebot_sim/install/turtlebot3_node/share/turtlebot3_node/environment/path.sh
[0.684s] -- Up-to-date: /home/ishaan/turtlebot_sim/install/turtlebot3_node/share/turtlebot3_node/environment/path.dsv
[0.684s] -- Up-to-date: /home/ishaan/turtlebot_sim/install/turtlebot3_node/share/turtlebot3_node/local_setup.bash
[0.684s] -- Up-to-date: /home/ishaan/turtlebot_sim/install/turtlebot3_node/share/turtlebot3_node/local_setup.sh
[0.684s] -- Up-to-date: /home/ishaan/turtlebot_sim/install/turtlebot3_node/share/turtlebot3_node/local_setup.zsh
[0.684s] -- Up-to-date: /home/ishaan/turtlebot_sim/install/turtlebot3_node/share/turtlebot3_node/local_setup.dsv
[0.685s] -- Installing: /home/ishaan/turtlebot_sim/install/turtlebot3_node/share/turtlebot3_node/package.dsv
[0.685s] -- Up-to-date: /home/ishaan/turtlebot_sim/install/turtlebot3_node/share/ament_index/resource_index/packages/turtlebot3_node
[0.685s] -- Up-to-date: /home/ishaan/turtlebot_sim/install/turtlebot3_node/share/turtlebot3_node/cmake/ament_cmake_export_dependencies-extras.cmake
[0.685s] -- Up-to-date: /home/ishaan/turtlebot_sim/install/turtlebot3_node/share/turtlebot3_node/cmake/ament_cmake_export_include_directories-extras.cmake
[0.685s] -- Up-to-date: /home/ishaan/turtlebot_sim/install/turtlebot3_node/share/turtlebot3_node/cmake/turtlebot3_nodeConfig.cmake
[0.685s] -- Up-to-date: /home/ishaan/turtlebot_sim/install/turtlebot3_node/share/turtlebot3_node/cmake/turtlebot3_nodeConfig-version.cmake
[0.685s] -- Up-to-date: /home/ishaan/turtlebot_sim/install/turtlebot3_node/share/turtlebot3_node/package.xml
[0.713s] Invoked command in '/home/ishaan/turtlebot_sim/build/turtlebot3_node' returned '0': CMAKE_PREFIX_PATH=${CMAKE_PREFIX_PATH}:/home/ishaan/turtlebot_sim/install/turtlebot3_teleop:/home/ishaan/turtlebot_sim/install/turtlebot3_example:/home/ishaan/turtlebot_sim/install/turtlebot3_online_slam_navigation:/home/ishaan/turtlebot3_ws/install/turtlebot3_teleop:/home/ishaan/turtlebot3_ws/install/turtlebot3_example:/home/ishaan/ws_moveit2/install/moveit_configs_utils:/home/ishaan/ws_moveit2/install/launch_param_builder:/opt/ros/humble /usr/bin/cmake --install /home/ishaan/turtlebot_sim/build/turtlebot3_node
