[1.005s] Invoking command in '/home/ishaan/turtlebot_sim/turtlebot3/turtlebot3_teleop': PYTHONPATH=/home/ishaan/turtlebot_sim/build/turtlebot3_teleop/prefix_override:/usr/lib/python3/dist-packages/colcon_core/task/python/colcon_distutils_commands:/home/ishaan/turtlebot_sim/install/turtlebot3_teleop/lib/python3.10/site-packages:${PYTHONPATH} /usr/bin/python3 -W ignore:setup.py install is deprecated -W ignore:easy_install command is deprecated setup.py egg_info --egg-base ../../build/turtlebot3_teleop build --build-base /home/ishaan/turtlebot_sim/build/turtlebot3_teleop/build install --record /home/ishaan/turtlebot_sim/build/turtlebot3_teleop/install.log --single-version-externally-managed install_data
[1.258s] running egg_info
[1.258s] writing ../../build/turtlebot3_teleop/turtlebot3_teleop.egg-info/PKG-INFO
[1.258s] writing dependency_links to ../../build/turtlebot3_teleop/turtlebot3_teleop.egg-info/dependency_links.txt
[1.258s] writing entry points to ../../build/turtlebot3_teleop/turtlebot3_teleop.egg-info/entry_points.txt
[1.258s] writing requirements to ../../build/turtlebot3_teleop/turtlebot3_teleop.egg-info/requires.txt
[1.258s] writing top-level names to ../../build/turtlebot3_teleop/turtlebot3_teleop.egg-info/top_level.txt
[1.259s] reading manifest file '../../build/turtlebot3_teleop/turtlebot3_teleop.egg-info/SOURCES.txt'
[1.259s] writing manifest file '../../build/turtlebot3_teleop/turtlebot3_teleop.egg-info/SOURCES.txt'
[1.259s] running build
[1.259s] running build_py
[1.259s] running install
[1.260s] running install_lib
[1.261s] running install_data
[1.262s] running install_egg_info
[1.262s] removing '/home/ishaan/turtlebot_sim/install/turtlebot3_teleop/lib/python3.10/site-packages/turtlebot3_teleop-2.3.3-py3.10.egg-info' (and everything under it)
[1.262s] Copying ../../build/turtlebot3_teleop/turtlebot3_teleop.egg-info to /home/ishaan/turtlebot_sim/install/turtlebot3_teleop/lib/python3.10/site-packages/turtlebot3_teleop-2.3.3-py3.10.egg-info
[1.263s] running install_scripts
[1.279s] Installing teleop_keyboard script to /home/ishaan/turtlebot_sim/install/turtlebot3_teleop/lib/turtlebot3_teleop
[1.279s] writing list of installed files to '/home/ishaan/turtlebot_sim/build/turtlebot3_teleop/install.log'
[1.296s] Invoked command in '/home/ishaan/turtlebot_sim/turtlebot3/turtlebot3_teleop' returned '0': PYTHONPATH=/home/ishaan/turtlebot_sim/build/turtlebot3_teleop/prefix_override:/usr/lib/python3/dist-packages/colcon_core/task/python/colcon_distutils_commands:/home/ishaan/turtlebot_sim/install/turtlebot3_teleop/lib/python3.10/site-packages:${PYTHONPATH} /usr/bin/python3 -W ignore:setup.py install is deprecated -W ignore:easy_install command is deprecated setup.py egg_info --egg-base ../../build/turtlebot3_teleop build --build-base /home/ishaan/turtlebot_sim/build/turtlebot3_teleop/build install --record /home/ishaan/turtlebot_sim/build/turtlebot3_teleop/install.log --single-version-externally-managed install_data
