[0.013s] Invoking command in '/home/ishaan/turtlebot_sim/build/turtlebot3_navigation2': CMAKE_PREFIX_PATH=${CMAKE_PREFIX_PATH}:/home/ishaan/turtlebot3_ws/install/turtlebot3_teleop:/home/ishaan/turtlebot3_ws/install/turtlebot3_example:/home/ishaan/ws_moveit2/install/moveit_configs_utils:/home/ishaan/ws_moveit2/install/launch_param_builder:/opt/ros/humble /usr/bin/cmake /home/ishaan/turtlebot_sim/turtlebot3/turtlebot3_navigation2 -DCMAKE_INSTALL_PREFIX=/home/ishaan/turtlebot_sim/install/turtlebot3_navigation2
[0.066s] -- The C compiler identification is GNU 11.4.0
[0.121s] -- The CXX compiler identification is GNU 11.4.0
[0.128s] -- Detecting C compiler ABI info
[0.229s] -- Detecting C compiler ABI info - done
[0.236s] -- Check for working C compiler: /usr/bin/cc - skipped
[0.236s] -- Detecting C compile features
[0.236s] -- Detecting C compile features - done
[0.239s] -- Detecting CXX compiler ABI info
[0.340s] -- Detecting CXX compiler ABI info - done
[0.349s] -- Check for working CXX compiler: /usr/bin/c++ - skipped
[0.350s] -- Detecting CXX compile features
[0.350s] -- Detecting CXX compile features - done
[0.358s] -- Found ament_cmake: 1.3.12 (/opt/ros/humble/share/ament_cmake/cmake)
[0.553s] -- Found Python3: /usr/bin/python3 (found version "3.10.12") found components: Interpreter 
[0.734s] -- Configuring done
[0.736s] -- Generating done
[0.737s] -- Build files have been written to: /home/ishaan/turtlebot_sim/build/turtlebot3_navigation2
[0.740s] Invoked command in '/home/ishaan/turtlebot_sim/build/turtlebot3_navigation2' returned '0': CMAKE_PREFIX_PATH=${CMAKE_PREFIX_PATH}:/home/ishaan/turtlebot3_ws/install/turtlebot3_teleop:/home/ishaan/turtlebot3_ws/install/turtlebot3_example:/home/ishaan/ws_moveit2/install/moveit_configs_utils:/home/ishaan/ws_moveit2/install/launch_param_builder:/opt/ros/humble /usr/bin/cmake /home/ishaan/turtlebot_sim/turtlebot3/turtlebot3_navigation2 -DCMAKE_INSTALL_PREFIX=/home/ishaan/turtlebot_sim/install/turtlebot3_navigation2
[0.742s] Invoking command in '/home/ishaan/turtlebot_sim/build/turtlebot3_navigation2': CMAKE_PREFIX_PATH=${CMAKE_PREFIX_PATH}:/home/ishaan/turtlebot3_ws/install/turtlebot3_teleop:/home/ishaan/turtlebot3_ws/install/turtlebot3_example:/home/ishaan/ws_moveit2/install/moveit_configs_utils:/home/ishaan/ws_moveit2/install/launch_param_builder:/opt/ros/humble /usr/bin/cmake --build /home/ishaan/turtlebot_sim/build/turtlebot3_navigation2 -- -j12 -l12
[0.788s] Invoked command in '/home/ishaan/turtlebot_sim/build/turtlebot3_navigation2' returned '0': CMAKE_PREFIX_PATH=${CMAKE_PREFIX_PATH}:/home/ishaan/turtlebot3_ws/install/turtlebot3_teleop:/home/ishaan/turtlebot3_ws/install/turtlebot3_example:/home/ishaan/ws_moveit2/install/moveit_configs_utils:/home/ishaan/ws_moveit2/install/launch_param_builder:/opt/ros/humble /usr/bin/cmake --build /home/ishaan/turtlebot_sim/build/turtlebot3_navigation2 -- -j12 -l12
[0.791s] Invoking command in '/home/ishaan/turtlebot_sim/build/turtlebot3_navigation2': CMAKE_PREFIX_PATH=${CMAKE_PREFIX_PATH}:/home/ishaan/turtlebot3_ws/install/turtlebot3_teleop:/home/ishaan/turtlebot3_ws/install/turtlebot3_example:/home/ishaan/ws_moveit2/install/moveit_configs_utils:/home/ishaan/ws_moveit2/install/launch_param_builder:/opt/ros/humble /usr/bin/cmake --install /home/ishaan/turtlebot_sim/build/turtlebot3_navigation2
[0.802s] -- Install configuration: ""
[0.802s] -- Installing: /home/ishaan/turtlebot_sim/install/turtlebot3_navigation2/share/turtlebot3_navigation2/launch
[0.802s] -- Installing: /home/ishaan/turtlebot_sim/install/turtlebot3_navigation2/share/turtlebot3_navigation2/launch/navigation2.launch.py
[0.802s] -- Installing: /home/ishaan/turtlebot_sim/install/turtlebot3_navigation2/share/turtlebot3_navigation2/map
[0.802s] -- Installing: /home/ishaan/turtlebot_sim/install/turtlebot3_navigation2/share/turtlebot3_navigation2/map/map.pgm
[0.803s] -- Installing: /home/ishaan/turtlebot_sim/install/turtlebot3_navigation2/share/turtlebot3_navigation2/map/map.yaml
[0.803s] -- Installing: /home/ishaan/turtlebot_sim/install/turtlebot3_navigation2/share/turtlebot3_navigation2/param
[0.803s] -- Installing: /home/ishaan/turtlebot_sim/install/turtlebot3_navigation2/share/turtlebot3_navigation2/param/burger.yaml
[0.803s] -- Installing: /home/ishaan/turtlebot_sim/install/turtlebot3_navigation2/share/turtlebot3_navigation2/param/waffle_pi.yaml
[0.804s] -- Installing: /home/ishaan/turtlebot_sim/install/turtlebot3_navigation2/share/turtlebot3_navigation2/param/humble
[0.804s] -- Installing: /home/ishaan/turtlebot_sim/install/turtlebot3_navigation2/share/turtlebot3_navigation2/param/humble/burger.yaml
[0.804s] -- Installing: /home/ishaan/turtlebot_sim/install/turtlebot3_navigation2/share/turtlebot3_navigation2/param/humble/waffle_pi.yaml
[0.804s] -- Installing: /home/ishaan/turtlebot_sim/install/turtlebot3_navigation2/share/turtlebot3_navigation2/param/humble/burger_cam.yaml
[0.804s] -- Installing: /home/ishaan/turtlebot_sim/install/turtlebot3_navigation2/share/turtlebot3_navigation2/param/humble/waffle.yaml
[0.804s] -- Installing: /home/ishaan/turtlebot_sim/install/turtlebot3_navigation2/share/turtlebot3_navigation2/param/burger_cam.yaml
[0.804s] -- Installing: /home/ishaan/turtlebot_sim/install/turtlebot3_navigation2/share/turtlebot3_navigation2/param/waffle.yaml
[0.804s] -- Installing: /home/ishaan/turtlebot_sim/install/turtlebot3_navigation2/share/turtlebot3_navigation2/rviz
[0.804s] -- Installing: /home/ishaan/turtlebot_sim/install/turtlebot3_navigation2/share/turtlebot3_navigation2/rviz/tb3_navigation2.rviz
[0.805s] -- Installing: /home/ishaan/turtlebot_sim/install/turtlebot3_navigation2/share/ament_index/resource_index/package_run_dependencies/turtlebot3_navigation2
[0.805s] -- Installing: /home/ishaan/turtlebot_sim/install/turtlebot3_navigation2/share/ament_index/resource_index/parent_prefix_path/turtlebot3_navigation2
[0.805s] -- Installing: /home/ishaan/turtlebot_sim/install/turtlebot3_navigation2/share/turtlebot3_navigation2/environment/ament_prefix_path.sh
[0.805s] -- Installing: /home/ishaan/turtlebot_sim/install/turtlebot3_navigation2/share/turtlebot3_navigation2/environment/ament_prefix_path.dsv
[0.805s] -- Installing: /home/ishaan/turtlebot_sim/install/turtlebot3_navigation2/share/turtlebot3_navigation2/environment/path.sh
[0.805s] -- Installing: /home/ishaan/turtlebot_sim/install/turtlebot3_navigation2/share/turtlebot3_navigation2/environment/path.dsv
[0.805s] -- Installing: /home/ishaan/turtlebot_sim/install/turtlebot3_navigation2/share/turtlebot3_navigation2/local_setup.bash
[0.805s] -- Installing: /home/ishaan/turtlebot_sim/install/turtlebot3_navigation2/share/turtlebot3_navigation2/local_setup.sh
[0.805s] -- Installing: /home/ishaan/turtlebot_sim/install/turtlebot3_navigation2/share/turtlebot3_navigation2/local_setup.zsh
[0.805s] -- Installing: /home/ishaan/turtlebot_sim/install/turtlebot3_navigation2/share/turtlebot3_navigation2/local_setup.dsv
[0.805s] -- Installing: /home/ishaan/turtlebot_sim/install/turtlebot3_navigation2/share/turtlebot3_navigation2/package.dsv
[0.805s] -- Installing: /home/ishaan/turtlebot_sim/install/turtlebot3_navigation2/share/ament_index/resource_index/packages/turtlebot3_navigation2
[0.805s] -- Installing: /home/ishaan/turtlebot_sim/install/turtlebot3_navigation2/share/turtlebot3_navigation2/cmake/turtlebot3_navigation2Config.cmake
[0.805s] -- Installing: /home/ishaan/turtlebot_sim/install/turtlebot3_navigation2/share/turtlebot3_navigation2/cmake/turtlebot3_navigation2Config-version.cmake
[0.805s] -- Installing: /home/ishaan/turtlebot_sim/install/turtlebot3_navigation2/share/turtlebot3_navigation2/package.xml
[0.807s] Invoked command in '/home/ishaan/turtlebot_sim/build/turtlebot3_navigation2' returned '0': CMAKE_PREFIX_PATH=${CMAKE_PREFIX_PATH}:/home/ishaan/turtlebot3_ws/install/turtlebot3_teleop:/home/ishaan/turtlebot3_ws/install/turtlebot3_example:/home/ishaan/ws_moveit2/install/moveit_configs_utils:/home/ishaan/ws_moveit2/install/launch_param_builder:/opt/ros/humble /usr/bin/cmake --install /home/ishaan/turtlebot_sim/build/turtlebot3_navigation2
