[0.037s] Invoking command in '/home/ishaan/turtlebot_sim/build/turtlebot3_cartographer': CMAKE_PREFIX_PATH=${CMAKE_PREFIX_PATH}:/home/ishaan/turtlebot_sim/install/turtlebot3_online_slam_navigation:/home/ishaan/turtlebot3_ws/install/turtlebot3_teleop:/home/ishaan/turtlebot3_ws/install/turtlebot3_example:/home/ishaan/ws_moveit2/install/moveit_configs_utils:/home/ishaan/ws_moveit2/install/launch_param_builder:/opt/ros/humble /usr/bin/cmake /home/ishaan/turtlebot_sim/turtlebot3/turtlebot3_cartographer -DCMAKE_INSTALL_PREFIX=/home/ishaan/turtlebot_sim/install/turtlebot3_cartographer
[0.442s] -- The C compiler identification is GNU 11.4.0
[0.442s] -- The CXX compiler identification is GNU 11.4.0
[0.442s] -- Detecting C compiler ABI info
[0.442s] -- Detecting C compiler ABI info - done
[0.442s] -- Check for working C compiler: /usr/bin/cc - skipped
[0.442s] -- Detecting C compile features
[0.442s] -- Detecting C compile features - done
[0.444s] -- Detecting CXX compiler ABI info
[0.548s] -- Detecting CXX compiler ABI info - done
[0.553s] -- Check for working CXX compiler: /usr/bin/c++ - skipped
[0.553s] -- Detecting CXX compile features
[0.553s] -- Detecting CXX compile features - done
[0.558s] -- Found ament_cmake: 1.3.12 (/opt/ros/humble/share/ament_cmake/cmake)
[0.746s] -- Found Python3: /usr/bin/python3 (found version "3.10.12") found components: Interpreter 
[1.075s] -- Configuring done
[1.078s] -- Generating done
[1.080s] -- Build files have been written to: /home/ishaan/turtlebot_sim/build/turtlebot3_cartographer
[1.089s] Invoked command in '/home/ishaan/turtlebot_sim/build/turtlebot3_cartographer' returned '0': CMAKE_PREFIX_PATH=${CMAKE_PREFIX_PATH}:/home/ishaan/turtlebot_sim/install/turtlebot3_online_slam_navigation:/home/ishaan/turtlebot3_ws/install/turtlebot3_teleop:/home/ishaan/turtlebot3_ws/install/turtlebot3_example:/home/ishaan/ws_moveit2/install/moveit_configs_utils:/home/ishaan/ws_moveit2/install/launch_param_builder:/opt/ros/humble /usr/bin/cmake /home/ishaan/turtlebot_sim/turtlebot3/turtlebot3_cartographer -DCMAKE_INSTALL_PREFIX=/home/ishaan/turtlebot_sim/install/turtlebot3_cartographer
[1.090s] Invoking command in '/home/ishaan/turtlebot_sim/build/turtlebot3_cartographer': CMAKE_PREFIX_PATH=${CMAKE_PREFIX_PATH}:/home/ishaan/turtlebot_sim/install/turtlebot3_online_slam_navigation:/home/ishaan/turtlebot3_ws/install/turtlebot3_teleop:/home/ishaan/turtlebot3_ws/install/turtlebot3_example:/home/ishaan/ws_moveit2/install/moveit_configs_utils:/home/ishaan/ws_moveit2/install/launch_param_builder:/opt/ros/humble /usr/bin/cmake --build /home/ishaan/turtlebot_sim/build/turtlebot3_cartographer -- -j12 -l12
[1.148s] Invoked command in '/home/ishaan/turtlebot_sim/build/turtlebot3_cartographer' returned '0': CMAKE_PREFIX_PATH=${CMAKE_PREFIX_PATH}:/home/ishaan/turtlebot_sim/install/turtlebot3_online_slam_navigation:/home/ishaan/turtlebot3_ws/install/turtlebot3_teleop:/home/ishaan/turtlebot3_ws/install/turtlebot3_example:/home/ishaan/ws_moveit2/install/moveit_configs_utils:/home/ishaan/ws_moveit2/install/launch_param_builder:/opt/ros/humble /usr/bin/cmake --build /home/ishaan/turtlebot_sim/build/turtlebot3_cartographer -- -j12 -l12
[1.165s] Invoking command in '/home/ishaan/turtlebot_sim/build/turtlebot3_cartographer': CMAKE_PREFIX_PATH=${CMAKE_PREFIX_PATH}:/home/ishaan/turtlebot_sim/install/turtlebot3_online_slam_navigation:/home/ishaan/turtlebot3_ws/install/turtlebot3_teleop:/home/ishaan/turtlebot3_ws/install/turtlebot3_example:/home/ishaan/ws_moveit2/install/moveit_configs_utils:/home/ishaan/ws_moveit2/install/launch_param_builder:/opt/ros/humble /usr/bin/cmake --install /home/ishaan/turtlebot_sim/build/turtlebot3_cartographer
[1.179s] -- Install configuration: ""
[1.179s] -- Installing: /home/ishaan/turtlebot_sim/install/turtlebot3_cartographer/share/turtlebot3_cartographer/config
[1.179s] -- Installing: /home/ishaan/turtlebot_sim/install/turtlebot3_cartographer/share/turtlebot3_cartographer/config/turtlebot3_lds_2d.lua
[1.179s] -- Installing: /home/ishaan/turtlebot_sim/install/turtlebot3_cartographer/share/turtlebot3_cartographer/launch
[1.179s] -- Installing: /home/ishaan/turtlebot_sim/install/turtlebot3_cartographer/share/turtlebot3_cartographer/launch/cartographer.launch.py
[1.179s] -- Installing: /home/ishaan/turtlebot_sim/install/turtlebot3_cartographer/share/turtlebot3_cartographer/launch/occupancy_grid.launch.py
[1.180s] -- Installing: /home/ishaan/turtlebot_sim/install/turtlebot3_cartographer/share/turtlebot3_cartographer/rviz
[1.180s] -- Installing: /home/ishaan/turtlebot_sim/install/turtlebot3_cartographer/share/turtlebot3_cartographer/rviz/tb3_cartographer.rviz
[1.180s] -- Installing: /home/ishaan/turtlebot_sim/install/turtlebot3_cartographer/share/ament_index/resource_index/package_run_dependencies/turtlebot3_cartographer
[1.180s] -- Installing: /home/ishaan/turtlebot_sim/install/turtlebot3_cartographer/share/ament_index/resource_index/parent_prefix_path/turtlebot3_cartographer
[1.180s] -- Installing: /home/ishaan/turtlebot_sim/install/turtlebot3_cartographer/share/turtlebot3_cartographer/environment/ament_prefix_path.sh
[1.180s] -- Installing: /home/ishaan/turtlebot_sim/install/turtlebot3_cartographer/share/turtlebot3_cartographer/environment/ament_prefix_path.dsv
[1.180s] -- Installing: /home/ishaan/turtlebot_sim/install/turtlebot3_cartographer/share/turtlebot3_cartographer/environment/path.sh
[1.180s] -- Installing: /home/ishaan/turtlebot_sim/install/turtlebot3_cartographer/share/turtlebot3_cartographer/environment/path.dsv
[1.181s] -- Installing: /home/ishaan/turtlebot_sim/install/turtlebot3_cartographer/share/turtlebot3_cartographer/local_setup.bash
[1.181s] -- Installing: /home/ishaan/turtlebot_sim/install/turtlebot3_cartographer/share/turtlebot3_cartographer/local_setup.sh
[1.181s] -- Installing: /home/ishaan/turtlebot_sim/install/turtlebot3_cartographer/share/turtlebot3_cartographer/local_setup.zsh
[1.181s] -- Installing: /home/ishaan/turtlebot_sim/install/turtlebot3_cartographer/share/turtlebot3_cartographer/local_setup.dsv
[1.181s] -- Installing: /home/ishaan/turtlebot_sim/install/turtlebot3_cartographer/share/turtlebot3_cartographer/package.dsv
[1.181s] -- Installing: /home/ishaan/turtlebot_sim/install/turtlebot3_cartographer/share/ament_index/resource_index/packages/turtlebot3_cartographer
[1.181s] -- Installing: /home/ishaan/turtlebot_sim/install/turtlebot3_cartographer/share/turtlebot3_cartographer/cmake/turtlebot3_cartographerConfig.cmake
[1.181s] -- Installing: /home/ishaan/turtlebot_sim/install/turtlebot3_cartographer/share/turtlebot3_cartographer/cmake/turtlebot3_cartographerConfig-version.cmake
[1.181s] -- Installing: /home/ishaan/turtlebot_sim/install/turtlebot3_cartographer/share/turtlebot3_cartographer/package.xml
[1.183s] Invoked command in '/home/ishaan/turtlebot_sim/build/turtlebot3_cartographer' returned '0': CMAKE_PREFIX_PATH=${CMAKE_PREFIX_PATH}:/home/ishaan/turtlebot_sim/install/turtlebot3_online_slam_navigation:/home/ishaan/turtlebot3_ws/install/turtlebot3_teleop:/home/ishaan/turtlebot3_ws/install/turtlebot3_example:/home/ishaan/ws_moveit2/install/moveit_configs_utils:/home/ishaan/ws_moveit2/install/launch_param_builder:/opt/ros/humble /usr/bin/cmake --install /home/ishaan/turtlebot_sim/build/turtlebot3_cartographer
