[0.013s] Invoking command in '/home/ishaan/turtlebot_sim/build/turtlebot3_description': CMAKE_PREFIX_PATH=${CMAKE_PREFIX_PATH}:/home/ishaan/turtlebot3_ws/install/turtlebot3_teleop:/home/ishaan/turtlebot3_ws/install/turtlebot3_example:/home/ishaan/ws_moveit2/install/moveit_configs_utils:/home/ishaan/ws_moveit2/install/launch_param_builder:/opt/ros/humble /usr/bin/cmake /home/ishaan/turtlebot_sim/turtlebot3/turtlebot3_description -DCMAKE_INSTALL_PREFIX=/home/ishaan/turtlebot_sim/install/turtlebot3_description
[0.182s] -- The C compiler identification is GNU 11.4.0
[0.260s] -- The CXX compiler identification is GNU 11.4.0
[0.274s] -- Detecting C compiler ABI info
[0.404s] -- Detecting C compiler ABI info - done
[0.427s] -- Check for working C compiler: /usr/bin/cc - skipped
[0.427s] -- Detecting C compile features
[0.429s] -- Detecting C compile features - done
[0.436s] -- Detecting CXX compiler ABI info
[0.570s] -- Detecting CXX compiler ABI info - done
[0.580s] -- Check for working CXX compiler: /usr/bin/c++ - skipped
[0.580s] -- Detecting CXX compile features
[0.581s] -- Detecting CXX compile features - done
[0.612s] -- Found ament_cmake: 1.3.12 (/opt/ros/humble/share/ament_cmake/cmake)
[0.797s] -- Found Python3: /usr/bin/python3 (found version "3.10.12") found components: Interpreter 
[0.929s] -- Found urdf: 2.6.1 (/opt/ros/humble/share/urdf/cmake)
[1.071s] -- Configuring done
[1.073s] -- Generating done
[1.074s] -- Build files have been written to: /home/ishaan/turtlebot_sim/build/turtlebot3_description
[1.079s] Invoked command in '/home/ishaan/turtlebot_sim/build/turtlebot3_description' returned '0': CMAKE_PREFIX_PATH=${CMAKE_PREFIX_PATH}:/home/ishaan/turtlebot3_ws/install/turtlebot3_teleop:/home/ishaan/turtlebot3_ws/install/turtlebot3_example:/home/ishaan/ws_moveit2/install/moveit_configs_utils:/home/ishaan/ws_moveit2/install/launch_param_builder:/opt/ros/humble /usr/bin/cmake /home/ishaan/turtlebot_sim/turtlebot3/turtlebot3_description -DCMAKE_INSTALL_PREFIX=/home/ishaan/turtlebot_sim/install/turtlebot3_description
[1.080s] Invoking command in '/home/ishaan/turtlebot_sim/build/turtlebot3_description': CMAKE_PREFIX_PATH=${CMAKE_PREFIX_PATH}:/home/ishaan/turtlebot3_ws/install/turtlebot3_teleop:/home/ishaan/turtlebot3_ws/install/turtlebot3_example:/home/ishaan/ws_moveit2/install/moveit_configs_utils:/home/ishaan/ws_moveit2/install/launch_param_builder:/opt/ros/humble /usr/bin/cmake --build /home/ishaan/turtlebot_sim/build/turtlebot3_description -- -j12 -l12
[1.150s] Invoked command in '/home/ishaan/turtlebot_sim/build/turtlebot3_description' returned '0': CMAKE_PREFIX_PATH=${CMAKE_PREFIX_PATH}:/home/ishaan/turtlebot3_ws/install/turtlebot3_teleop:/home/ishaan/turtlebot3_ws/install/turtlebot3_example:/home/ishaan/ws_moveit2/install/moveit_configs_utils:/home/ishaan/ws_moveit2/install/launch_param_builder:/opt/ros/humble /usr/bin/cmake --build /home/ishaan/turtlebot_sim/build/turtlebot3_description -- -j12 -l12
[1.167s] Invoking command in '/home/ishaan/turtlebot_sim/build/turtlebot3_description': CMAKE_PREFIX_PATH=${CMAKE_PREFIX_PATH}:/home/ishaan/turtlebot3_ws/install/turtlebot3_teleop:/home/ishaan/turtlebot3_ws/install/turtlebot3_example:/home/ishaan/ws_moveit2/install/moveit_configs_utils:/home/ishaan/ws_moveit2/install/launch_param_builder:/opt/ros/humble /usr/bin/cmake --install /home/ishaan/turtlebot_sim/build/turtlebot3_description
[1.183s] -- Install configuration: ""
[1.183s] -- Installing: /home/ishaan/turtlebot_sim/install/turtlebot3_description/share/turtlebot3_description/meshes
[1.183s] -- Installing: /home/ishaan/turtlebot_sim/install/turtlebot3_description/share/turtlebot3_description/meshes/bases
[1.183s] -- Installing: /home/ishaan/turtlebot_sim/install/turtlebot3_description/share/turtlebot3_description/meshes/bases/burger_base.stl
[1.192s] -- Installing: /home/ishaan/turtlebot_sim/install/turtlebot3_description/share/turtlebot3_description/meshes/bases/waffle_pi_base.stl
[1.207s] -- Installing: /home/ishaan/turtlebot_sim/install/turtlebot3_description/share/turtlebot3_description/meshes/bases/waffle_base.stl
[1.232s] -- Installing: /home/ishaan/turtlebot_sim/install/turtlebot3_description/share/turtlebot3_description/meshes/wheels
[1.232s] -- Installing: /home/ishaan/turtlebot_sim/install/turtlebot3_description/share/turtlebot3_description/meshes/wheels/right_tire.stl
[1.234s] -- Installing: /home/ishaan/turtlebot_sim/install/turtlebot3_description/share/turtlebot3_description/meshes/wheels/left_tire.stl
[1.236s] -- Installing: /home/ishaan/turtlebot_sim/install/turtlebot3_description/share/turtlebot3_description/meshes/sensors
[1.236s] -- Installing: /home/ishaan/turtlebot_sim/install/turtlebot3_description/share/turtlebot3_description/meshes/sensors/astra.dae
[1.254s] -- Installing: /home/ishaan/turtlebot_sim/install/turtlebot3_description/share/turtlebot3_description/meshes/sensors/r200.dae
[1.255s] -- Installing: /home/ishaan/turtlebot_sim/install/turtlebot3_description/share/turtlebot3_description/meshes/sensors/astra.jpg
[1.255s] -- Installing: /home/ishaan/turtlebot_sim/install/turtlebot3_description/share/turtlebot3_description/meshes/sensors/r200.jpg
[1.256s] -- Installing: /home/ishaan/turtlebot_sim/install/turtlebot3_description/share/turtlebot3_description/meshes/sensors/lds.stl
[1.258s] -- Installing: /home/ishaan/turtlebot_sim/install/turtlebot3_description/share/turtlebot3_description/rviz
[1.258s] -- Installing: /home/ishaan/turtlebot_sim/install/turtlebot3_description/share/turtlebot3_description/rviz/model.rviz
[1.259s] -- Installing: /home/ishaan/turtlebot_sim/install/turtlebot3_description/share/turtlebot3_description/urdf
[1.259s] -- Installing: /home/ishaan/turtlebot_sim/install/turtlebot3_description/share/turtlebot3_description/urdf/turtlebot3_waffle.urdf
[1.259s] -- Installing: /home/ishaan/turtlebot_sim/install/turtlebot3_description/share/turtlebot3_description/urdf/turtlebot3_burger.urdf
[1.259s] -- Installing: /home/ishaan/turtlebot_sim/install/turtlebot3_description/share/turtlebot3_description/urdf/common_properties.urdf
[1.259s] -- Installing: /home/ishaan/turtlebot_sim/install/turtlebot3_description/share/turtlebot3_description/urdf/turtlebot3_waffle_pi.urdf
[1.260s] -- Installing: /home/ishaan/turtlebot_sim/install/turtlebot3_description/share/ament_index/resource_index/package_run_dependencies/turtlebot3_description
[1.260s] -- Installing: /home/ishaan/turtlebot_sim/install/turtlebot3_description/share/ament_index/resource_index/parent_prefix_path/turtlebot3_description
[1.260s] -- Installing: /home/ishaan/turtlebot_sim/install/turtlebot3_description/share/turtlebot3_description/environment/ament_prefix_path.sh
[1.261s] -- Installing: /home/ishaan/turtlebot_sim/install/turtlebot3_description/share/turtlebot3_description/environment/ament_prefix_path.dsv
[1.261s] -- Installing: /home/ishaan/turtlebot_sim/install/turtlebot3_description/share/turtlebot3_description/environment/path.sh
[1.261s] -- Installing: /home/ishaan/turtlebot_sim/install/turtlebot3_description/share/turtlebot3_description/environment/path.dsv
[1.261s] -- Installing: /home/ishaan/turtlebot_sim/install/turtlebot3_description/share/turtlebot3_description/local_setup.bash
[1.262s] -- Installing: /home/ishaan/turtlebot_sim/install/turtlebot3_description/share/turtlebot3_description/local_setup.sh
[1.262s] -- Installing: /home/ishaan/turtlebot_sim/install/turtlebot3_description/share/turtlebot3_description/local_setup.zsh
[1.262s] -- Installing: /home/ishaan/turtlebot_sim/install/turtlebot3_description/share/turtlebot3_description/local_setup.dsv
[1.262s] -- Installing: /home/ishaan/turtlebot_sim/install/turtlebot3_description/share/turtlebot3_description/package.dsv
[1.262s] -- Installing: /home/ishaan/turtlebot_sim/install/turtlebot3_description/share/ament_index/resource_index/packages/turtlebot3_description
[1.263s] -- Installing: /home/ishaan/turtlebot_sim/install/turtlebot3_description/share/turtlebot3_description/cmake/turtlebot3_descriptionConfig.cmake
[1.263s] -- Installing: /home/ishaan/turtlebot_sim/install/turtlebot3_description/share/turtlebot3_description/cmake/turtlebot3_descriptionConfig-version.cmake
[1.263s] -- Installing: /home/ishaan/turtlebot_sim/install/turtlebot3_description/share/turtlebot3_description/package.xml
[1.267s] Invoked command in '/home/ishaan/turtlebot_sim/build/turtlebot3_description' returned '0': CMAKE_PREFIX_PATH=${CMAKE_PREFIX_PATH}:/home/ishaan/turtlebot3_ws/install/turtlebot3_teleop:/home/ishaan/turtlebot3_ws/install/turtlebot3_example:/home/ishaan/ws_moveit2/install/moveit_configs_utils:/home/ishaan/ws_moveit2/install/launch_param_builder:/opt/ros/humble /usr/bin/cmake --install /home/ishaan/turtlebot_sim/build/turtlebot3_description
