[0.537s] Invoking command in '/home/ishaan/turtlebot_sim/turtlebot3/turtlebot3_example': PYTHONPATH=/home/ishaan/turtlebot_sim/build/turtlebot3_example/prefix_override:/usr/lib/python3/dist-packages/colcon_core/task/python/colcon_distutils_commands:/home/ishaan/turtlebot_sim/install/turtlebot3_example/lib/python3.10/site-packages:${PYTHONPATH} /usr/bin/python3 -W ignore:setup.py install is deprecated -W ignore:easy_install command is deprecated setup.py egg_info --egg-base ../../build/turtlebot3_example build --build-base /home/ishaan/turtlebot_sim/build/turtlebot3_example/build install --record /home/ishaan/turtlebot_sim/build/turtlebot3_example/install.log --single-version-externally-managed install_data
[0.709s] running egg_info
[0.710s] creating ../../build/turtlebot3_example/turtlebot3_example.egg-info
[0.710s] writing ../../build/turtlebot3_example/turtlebot3_example.egg-info/PKG-INFO
[0.710s] writing dependency_links to ../../build/turtlebot3_example/turtlebot3_example.egg-info/dependency_links.txt
[0.710s] writing entry points to ../../build/turtlebot3_example/turtlebot3_example.egg-info/entry_points.txt
[0.710s] writing requirements to ../../build/turtlebot3_example/turtlebot3_example.egg-info/requires.txt
[0.710s] writing top-level names to ../../build/turtlebot3_example/turtlebot3_example.egg-info/top_level.txt
[0.710s] writing manifest file '../../build/turtlebot3_example/turtlebot3_example.egg-info/SOURCES.txt'
[0.711s] reading manifest file '../../build/turtlebot3_example/turtlebot3_example.egg-info/SOURCES.txt'
[0.712s] writing manifest file '../../build/turtlebot3_example/turtlebot3_example.egg-info/SOURCES.txt'
[0.712s] running build
[0.712s] running build_py
[0.712s] creating /home/ishaan/turtlebot_sim/build/turtlebot3_example/build
[0.712s] creating /home/ishaan/turtlebot_sim/build/turtlebot3_example/build/lib
[0.712s] creating /home/ishaan/turtlebot_sim/build/turtlebot3_example/build/lib/turtlebot3_example
[0.712s] copying turtlebot3_example/__init__.py -> /home/ishaan/turtlebot_sim/build/turtlebot3_example/build/lib/turtlebot3_example
[0.712s] creating /home/ishaan/turtlebot_sim/build/turtlebot3_example/build/lib/turtlebot3_example/turtlebot3_obstacle_detection
[0.713s] copying turtlebot3_example/turtlebot3_obstacle_detection/turtlebot3_obstacle_detection.py -> /home/ishaan/turtlebot_sim/build/turtlebot3_example/build/lib/turtlebot3_example/turtlebot3_obstacle_detection
[0.713s] copying turtlebot3_example/turtlebot3_obstacle_detection/__init__.py -> /home/ishaan/turtlebot_sim/build/turtlebot3_example/build/lib/turtlebot3_example/turtlebot3_obstacle_detection
[0.713s] creating /home/ishaan/turtlebot_sim/build/turtlebot3_example/build/lib/turtlebot3_example/turtlebot3_absolute_move
[0.713s] copying turtlebot3_example/turtlebot3_absolute_move/__init__.py -> /home/ishaan/turtlebot_sim/build/turtlebot3_example/build/lib/turtlebot3_example/turtlebot3_absolute_move
[0.713s] copying turtlebot3_example/turtlebot3_absolute_move/turtlebot3_absolute_move.py -> /home/ishaan/turtlebot_sim/build/turtlebot3_example/build/lib/turtlebot3_example/turtlebot3_absolute_move
[0.713s] creating /home/ishaan/turtlebot_sim/build/turtlebot3_example/build/lib/turtlebot3_example/turtlebot3_relative_move
[0.713s] copying turtlebot3_example/turtlebot3_relative_move/turtlebot3_relative_move.py -> /home/ishaan/turtlebot_sim/build/turtlebot3_example/build/lib/turtlebot3_example/turtlebot3_relative_move
[0.713s] copying turtlebot3_example/turtlebot3_relative_move/__init__.py -> /home/ishaan/turtlebot_sim/build/turtlebot3_example/build/lib/turtlebot3_example/turtlebot3_relative_move
[0.713s] creating /home/ishaan/turtlebot_sim/build/turtlebot3_example/build/lib/turtlebot3_example/turtlebot3_patrol
[0.713s] copying turtlebot3_example/turtlebot3_patrol/turtlebot3_patrol_server.py -> /home/ishaan/turtlebot_sim/build/turtlebot3_example/build/lib/turtlebot3_example/turtlebot3_patrol
[0.714s] copying turtlebot3_example/turtlebot3_patrol/turtlebot3_patrol_client.py -> /home/ishaan/turtlebot_sim/build/turtlebot3_example/build/lib/turtlebot3_example/turtlebot3_patrol
[0.714s] copying turtlebot3_example/turtlebot3_patrol/__init__.py -> /home/ishaan/turtlebot_sim/build/turtlebot3_example/build/lib/turtlebot3_example/turtlebot3_patrol
[0.714s] creating /home/ishaan/turtlebot_sim/build/turtlebot3_example/build/lib/turtlebot3_example/turtlebot3_interactive_marker
[0.714s] copying turtlebot3_example/turtlebot3_interactive_marker/__init__.py -> /home/ishaan/turtlebot_sim/build/turtlebot3_example/build/lib/turtlebot3_example/turtlebot3_interactive_marker
[0.714s] copying turtlebot3_example/turtlebot3_interactive_marker/turtlebot3_interactive_marker.py -> /home/ishaan/turtlebot_sim/build/turtlebot3_example/build/lib/turtlebot3_example/turtlebot3_interactive_marker
[0.714s] running install
[0.714s] running install_lib
[0.714s] creating /home/ishaan/turtlebot_sim/install/turtlebot3_example/lib/python3.10/site-packages/turtlebot3_example
[0.714s] creating /home/ishaan/turtlebot_sim/install/turtlebot3_example/lib/python3.10/site-packages/turtlebot3_example/turtlebot3_obstacle_detection
[0.715s] copying /home/ishaan/turtlebot_sim/build/turtlebot3_example/build/lib/turtlebot3_example/turtlebot3_obstacle_detection/turtlebot3_obstacle_detection.py -> /home/ishaan/turtlebot_sim/install/turtlebot3_example/lib/python3.10/site-packages/turtlebot3_example/turtlebot3_obstacle_detection
[0.715s] copying /home/ishaan/turtlebot_sim/build/turtlebot3_example/build/lib/turtlebot3_example/turtlebot3_obstacle_detection/__init__.py -> /home/ishaan/turtlebot_sim/install/turtlebot3_example/lib/python3.10/site-packages/turtlebot3_example/turtlebot3_obstacle_detection
[0.715s] creating /home/ishaan/turtlebot_sim/install/turtlebot3_example/lib/python3.10/site-packages/turtlebot3_example/turtlebot3_absolute_move
[0.715s] copying /home/ishaan/turtlebot_sim/build/turtlebot3_example/build/lib/turtlebot3_example/turtlebot3_absolute_move/__init__.py -> /home/ishaan/turtlebot_sim/install/turtlebot3_example/lib/python3.10/site-packages/turtlebot3_example/turtlebot3_absolute_move
[0.715s] copying /home/ishaan/turtlebot_sim/build/turtlebot3_example/build/lib/turtlebot3_example/turtlebot3_absolute_move/turtlebot3_absolute_move.py -> /home/ishaan/turtlebot_sim/install/turtlebot3_example/lib/python3.10/site-packages/turtlebot3_example/turtlebot3_absolute_move
[0.715s] creating /home/ishaan/turtlebot_sim/install/turtlebot3_example/lib/python3.10/site-packages/turtlebot3_example/turtlebot3_relative_move
[0.715s] copying /home/ishaan/turtlebot_sim/build/turtlebot3_example/build/lib/turtlebot3_example/turtlebot3_relative_move/turtlebot3_relative_move.py -> /home/ishaan/turtlebot_sim/install/turtlebot3_example/lib/python3.10/site-packages/turtlebot3_example/turtlebot3_relative_move
[0.715s] copying /home/ishaan/turtlebot_sim/build/turtlebot3_example/build/lib/turtlebot3_example/turtlebot3_relative_move/__init__.py -> /home/ishaan/turtlebot_sim/install/turtlebot3_example/lib/python3.10/site-packages/turtlebot3_example/turtlebot3_relative_move
[0.715s] creating /home/ishaan/turtlebot_sim/install/turtlebot3_example/lib/python3.10/site-packages/turtlebot3_example/turtlebot3_patrol
[0.715s] copying /home/ishaan/turtlebot_sim/build/turtlebot3_example/build/lib/turtlebot3_example/turtlebot3_patrol/turtlebot3_patrol_server.py -> /home/ishaan/turtlebot_sim/install/turtlebot3_example/lib/python3.10/site-packages/turtlebot3_example/turtlebot3_patrol
[0.715s] copying /home/ishaan/turtlebot_sim/build/turtlebot3_example/build/lib/turtlebot3_example/turtlebot3_patrol/turtlebot3_patrol_client.py -> /home/ishaan/turtlebot_sim/install/turtlebot3_example/lib/python3.10/site-packages/turtlebot3_example/turtlebot3_patrol
[0.716s] copying /home/ishaan/turtlebot_sim/build/turtlebot3_example/build/lib/turtlebot3_example/turtlebot3_patrol/__init__.py -> /home/ishaan/turtlebot_sim/install/turtlebot3_example/lib/python3.10/site-packages/turtlebot3_example/turtlebot3_patrol
[0.716s] copying /home/ishaan/turtlebot_sim/build/turtlebot3_example/build/lib/turtlebot3_example/__init__.py -> /home/ishaan/turtlebot_sim/install/turtlebot3_example/lib/python3.10/site-packages/turtlebot3_example
[0.716s] creating /home/ishaan/turtlebot_sim/install/turtlebot3_example/lib/python3.10/site-packages/turtlebot3_example/turtlebot3_interactive_marker
[0.716s] copying /home/ishaan/turtlebot_sim/build/turtlebot3_example/build/lib/turtlebot3_example/turtlebot3_interactive_marker/__init__.py -> /home/ishaan/turtlebot_sim/install/turtlebot3_example/lib/python3.10/site-packages/turtlebot3_example/turtlebot3_interactive_marker
[0.716s] copying /home/ishaan/turtlebot_sim/build/turtlebot3_example/build/lib/turtlebot3_example/turtlebot3_interactive_marker/turtlebot3_interactive_marker.py -> /home/ishaan/turtlebot_sim/install/turtlebot3_example/lib/python3.10/site-packages/turtlebot3_example/turtlebot3_interactive_marker
[0.716s] byte-compiling /home/ishaan/turtlebot_sim/install/turtlebot3_example/lib/python3.10/site-packages/turtlebot3_example/turtlebot3_obstacle_detection/turtlebot3_obstacle_detection.py to turtlebot3_obstacle_detection.cpython-310.pyc
[0.716s] byte-compiling /home/ishaan/turtlebot_sim/install/turtlebot3_example/lib/python3.10/site-packages/turtlebot3_example/turtlebot3_obstacle_detection/__init__.py to __init__.cpython-310.pyc
[0.716s] byte-compiling /home/ishaan/turtlebot_sim/install/turtlebot3_example/lib/python3.10/site-packages/turtlebot3_example/turtlebot3_absolute_move/__init__.py to __init__.cpython-310.pyc
[0.716s] byte-compiling /home/ishaan/turtlebot_sim/install/turtlebot3_example/lib/python3.10/site-packages/turtlebot3_example/turtlebot3_absolute_move/turtlebot3_absolute_move.py to turtlebot3_absolute_move.cpython-310.pyc
[0.716s] byte-compiling /home/ishaan/turtlebot_sim/install/turtlebot3_example/lib/python3.10/site-packages/turtlebot3_example/turtlebot3_relative_move/turtlebot3_relative_move.py to turtlebot3_relative_move.cpython-310.pyc
[0.717s] byte-compiling /home/ishaan/turtlebot_sim/install/turtlebot3_example/lib/python3.10/site-packages/turtlebot3_example/turtlebot3_relative_move/__init__.py to __init__.cpython-310.pyc
[0.717s] byte-compiling /home/ishaan/turtlebot_sim/install/turtlebot3_example/lib/python3.10/site-packages/turtlebot3_example/turtlebot3_patrol/turtlebot3_patrol_server.py to turtlebot3_patrol_server.cpython-310.pyc
[0.718s] byte-compiling /home/ishaan/turtlebot_sim/install/turtlebot3_example/lib/python3.10/site-packages/turtlebot3_example/turtlebot3_patrol/turtlebot3_patrol_client.py to turtlebot3_patrol_client.cpython-310.pyc
[0.718s] byte-compiling /home/ishaan/turtlebot_sim/install/turtlebot3_example/lib/python3.10/site-packages/turtlebot3_example/turtlebot3_patrol/__init__.py to __init__.cpython-310.pyc
[0.718s] byte-compiling /home/ishaan/turtlebot_sim/install/turtlebot3_example/lib/python3.10/site-packages/turtlebot3_example/__init__.py to __init__.cpython-310.pyc
[0.718s] byte-compiling /home/ishaan/turtlebot_sim/install/turtlebot3_example/lib/python3.10/site-packages/turtlebot3_example/turtlebot3_interactive_marker/__init__.py to __init__.cpython-310.pyc
[0.718s] byte-compiling /home/ishaan/turtlebot_sim/install/turtlebot3_example/lib/python3.10/site-packages/turtlebot3_example/turtlebot3_interactive_marker/turtlebot3_interactive_marker.py to turtlebot3_interactive_marker.cpython-310.pyc
[0.719s] running install_data
[0.719s] creating /home/ishaan/turtlebot_sim/install/turtlebot3_example/share/ament_index
[0.719s] creating /home/ishaan/turtlebot_sim/install/turtlebot3_example/share/ament_index/resource_index
[0.719s] creating /home/ishaan/turtlebot_sim/install/turtlebot3_example/share/ament_index/resource_index/packages
[0.719s] copying resource/turtlebot3_example -> /home/ishaan/turtlebot_sim/install/turtlebot3_example/share/ament_index/resource_index/packages
[0.719s] copying package.xml -> /home/ishaan/turtlebot_sim/install/turtlebot3_example/share/turtlebot3_example
[0.719s] running install_egg_info
[0.720s] Copying ../../build/turtlebot3_example/turtlebot3_example.egg-info to /home/ishaan/turtlebot_sim/install/turtlebot3_example/lib/python3.10/site-packages/turtlebot3_example-2.3.3-py3.10.egg-info
[0.721s] running install_scripts
[0.735s] Installing turtlebot3_absolute_move script to /home/ishaan/turtlebot_sim/install/turtlebot3_example/lib/turtlebot3_example
[0.735s] Installing turtlebot3_interactive_marker script to /home/ishaan/turtlebot_sim/install/turtlebot3_example/lib/turtlebot3_example
[0.735s] Installing turtlebot3_obstacle_detection script to /home/ishaan/turtlebot_sim/install/turtlebot3_example/lib/turtlebot3_example
[0.736s] Installing turtlebot3_patrol_client script to /home/ishaan/turtlebot_sim/install/turtlebot3_example/lib/turtlebot3_example
[0.736s] Installing turtlebot3_patrol_server script to /home/ishaan/turtlebot_sim/install/turtlebot3_example/lib/turtlebot3_example
[0.736s] Installing turtlebot3_relative_move script to /home/ishaan/turtlebot_sim/install/turtlebot3_example/lib/turtlebot3_example
[0.736s] writing list of installed files to '/home/ishaan/turtlebot_sim/build/turtlebot3_example/install.log'
[0.754s] Invoked command in '/home/ishaan/turtlebot_sim/turtlebot3/turtlebot3_example' returned '0': PYTHONPATH=/home/ishaan/turtlebot_sim/build/turtlebot3_example/prefix_override:/usr/lib/python3/dist-packages/colcon_core/task/python/colcon_distutils_commands:/home/ishaan/turtlebot_sim/install/turtlebot3_example/lib/python3.10/site-packages:${PYTHONPATH} /usr/bin/python3 -W ignore:setup.py install is deprecated -W ignore:easy_install command is deprecated setup.py egg_info --egg-base ../../build/turtlebot3_example build --build-base /home/ishaan/turtlebot_sim/build/turtlebot3_example/build install --record /home/ishaan/turtlebot_sim/build/turtlebot3_example/install.log --single-version-externally-managed install_data
