running egg_info
creating ../../build/turtlebot3_online_slam_navigation/turtlebot3_online_slam_navigation.egg-info
writing ../../build/turtlebot3_online_slam_navigation/turtlebot3_online_slam_navigation.egg-info/PKG-INFO
writing dependency_links to ../../build/turtlebot3_online_slam_navigation/turtlebot3_online_slam_navigation.egg-info/dependency_links.txt
writing entry points to ../../build/turtlebot3_online_slam_navigation/turtlebot3_online_slam_navigation.egg-info/entry_points.txt
writing requirements to ../../build/turtlebot3_online_slam_navigation/turtlebot3_online_slam_navigation.egg-info/requires.txt
writing top-level names to ../../build/turtlebot3_online_slam_navigation/turtlebot3_online_slam_navigation.egg-info/top_level.txt
writing manifest file '../../build/turtlebot3_online_slam_navigation/turtlebot3_online_slam_navigation.egg-info/SOURCES.txt'
reading manifest file '../../build/turtlebot3_online_slam_navigation/turtlebot3_online_slam_navigation.egg-info/SOURCES.txt'
writing manifest file '../../build/turtlebot3_online_slam_navigation/turtlebot3_online_slam_navigation.egg-info/SOURCES.txt'
running build
running build_py
creating /home/ishaan/turtlebot_sim/build/turtlebot3_online_slam_navigation/build
creating /home/ishaan/turtlebot_sim/build/turtlebot3_online_slam_navigation/build/lib
creating /home/ishaan/turtlebot_sim/build/turtlebot3_online_slam_navigation/build/lib/turtlebot3_online_slam_navigation
copying turtlebot3_online_slam_navigation/__init__.py -> /home/ishaan/turtlebot_sim/build/turtlebot3_online_slam_navigation/build/lib/turtlebot3_online_slam_navigation
running install
running install_lib
creating /home/ishaan/turtlebot_sim/install/turtlebot3_online_slam_navigation/lib/python3.10/site-packages/turtlebot3_online_slam_navigation
copying /home/ishaan/turtlebot_sim/build/turtlebot3_online_slam_navigation/build/lib/turtlebot3_online_slam_navigation/__init__.py -> /home/ishaan/turtlebot_sim/install/turtlebot3_online_slam_navigation/lib/python3.10/site-packages/turtlebot3_online_slam_navigation
byte-compiling /home/ishaan/turtlebot_sim/install/turtlebot3_online_slam_navigation/lib/python3.10/site-packages/turtlebot3_online_slam_navigation/__init__.py to __init__.cpython-310.pyc
running install_data
creating /home/ishaan/turtlebot_sim/install/turtlebot3_online_slam_navigation/share/ament_index
creating /home/ishaan/turtlebot_sim/install/turtlebot3_online_slam_navigation/share/ament_index/resource_index
creating /home/ishaan/turtlebot_sim/install/turtlebot3_online_slam_navigation/share/ament_index/resource_index/packages
copying resource/turtlebot3_online_slam_navigation -> /home/ishaan/turtlebot_sim/install/turtlebot3_online_slam_navigation/share/ament_index/resource_index/packages
copying package.xml -> /home/ishaan/turtlebot_sim/install/turtlebot3_online_slam_navigation/share/turtlebot3_online_slam_navigation
running install_egg_info
Copying ../../build/turtlebot3_online_slam_navigation/turtlebot3_online_slam_navigation.egg-info to /home/ishaan/turtlebot_sim/install/turtlebot3_online_slam_navigation/lib/python3.10/site-packages/turtlebot3_online_slam_navigation-0.0.0-py3.10.egg-info
running install_scripts
writing list of installed files to '/home/ishaan/turtlebot_sim/build/turtlebot3_online_slam_navigation/install.log'
