[0.499s] Invoking command in '/home/ishaan/turtlebot_sim/src/turtlebot3_online_slam_navigation': PYTHONPATH=/home/ishaan/turtlebot_sim/build/turtlebot3_online_slam_navigation/prefix_override:/usr/lib/python3/dist-packages/colcon_core/task/python/colcon_distutils_commands:/home/ishaan/turtlebot_sim/install/turtlebot3_online_slam_navigation/lib/python3.10/site-packages:${PYTHONPATH} /usr/bin/python3 -W ignore:setup.py install is deprecated -W ignore:easy_install command is deprecated setup.py egg_info --egg-base ../../build/turtlebot3_online_slam_navigation build --build-base /home/ishaan/turtlebot_sim/build/turtlebot3_online_slam_navigation/build install --record /home/ishaan/turtlebot_sim/build/turtlebot3_online_slam_navigation/install.log --single-version-externally-managed install_data
[0.672s] running egg_info
[0.673s] creating ../../build/turtlebot3_online_slam_navigation/turtlebot3_online_slam_navigation.egg-info
[0.673s] writing ../../build/turtlebot3_online_slam_navigation/turtlebot3_online_slam_navigation.egg-info/PKG-INFO
[0.674s] writing dependency_links to ../../build/turtlebot3_online_slam_navigation/turtlebot3_online_slam_navigation.egg-info/dependency_links.txt
[0.674s] writing entry points to ../../build/turtlebot3_online_slam_navigation/turtlebot3_online_slam_navigation.egg-info/entry_points.txt
[0.674s] writing requirements to ../../build/turtlebot3_online_slam_navigation/turtlebot3_online_slam_navigation.egg-info/requires.txt
[0.674s] writing top-level names to ../../build/turtlebot3_online_slam_navigation/turtlebot3_online_slam_navigation.egg-info/top_level.txt
[0.674s] writing manifest file '../../build/turtlebot3_online_slam_navigation/turtlebot3_online_slam_navigation.egg-info/SOURCES.txt'
[0.677s] reading manifest file '../../build/turtlebot3_online_slam_navigation/turtlebot3_online_slam_navigation.egg-info/SOURCES.txt'
[0.678s] writing manifest file '../../build/turtlebot3_online_slam_navigation/turtlebot3_online_slam_navigation.egg-info/SOURCES.txt'
[0.678s] running build
[0.678s] running build_py
[0.678s] creating /home/ishaan/turtlebot_sim/build/turtlebot3_online_slam_navigation/build
[0.678s] creating /home/ishaan/turtlebot_sim/build/turtlebot3_online_slam_navigation/build/lib
[0.678s] creating /home/ishaan/turtlebot_sim/build/turtlebot3_online_slam_navigation/build/lib/turtlebot3_online_slam_navigation
[0.678s] copying turtlebot3_online_slam_navigation/__init__.py -> /home/ishaan/turtlebot_sim/build/turtlebot3_online_slam_navigation/build/lib/turtlebot3_online_slam_navigation
[0.678s] running install
[0.679s] running install_lib
[0.680s] creating /home/ishaan/turtlebot_sim/install/turtlebot3_online_slam_navigation/lib/python3.10/site-packages/turtlebot3_online_slam_navigation
[0.680s] copying /home/ishaan/turtlebot_sim/build/turtlebot3_online_slam_navigation/build/lib/turtlebot3_online_slam_navigation/__init__.py -> /home/ishaan/turtlebot_sim/install/turtlebot3_online_slam_navigation/lib/python3.10/site-packages/turtlebot3_online_slam_navigation
[0.681s] byte-compiling /home/ishaan/turtlebot_sim/install/turtlebot3_online_slam_navigation/lib/python3.10/site-packages/turtlebot3_online_slam_navigation/__init__.py to __init__.cpython-310.pyc
[0.681s] running install_data
[0.681s] creating /home/ishaan/turtlebot_sim/install/turtlebot3_online_slam_navigation/share/ament_index
[0.681s] creating /home/ishaan/turtlebot_sim/install/turtlebot3_online_slam_navigation/share/ament_index/resource_index
[0.681s] creating /home/ishaan/turtlebot_sim/install/turtlebot3_online_slam_navigation/share/ament_index/resource_index/packages
[0.681s] copying resource/turtlebot3_online_slam_navigation -> /home/ishaan/turtlebot_sim/install/turtlebot3_online_slam_navigation/share/ament_index/resource_index/packages
[0.681s] copying package.xml -> /home/ishaan/turtlebot_sim/install/turtlebot3_online_slam_navigation/share/turtlebot3_online_slam_navigation
[0.681s] running install_egg_info
[0.684s] Copying ../../build/turtlebot3_online_slam_navigation/turtlebot3_online_slam_navigation.egg-info to /home/ishaan/turtlebot_sim/install/turtlebot3_online_slam_navigation/lib/python3.10/site-packages/turtlebot3_online_slam_navigation-0.0.0-py3.10.egg-info
[0.685s] running install_scripts
[0.704s] writing list of installed files to '/home/ishaan/turtlebot_sim/build/turtlebot3_online_slam_navigation/install.log'
[0.721s] Invoked command in '/home/ishaan/turtlebot_sim/src/turtlebot3_online_slam_navigation' returned '0': PYTHONPATH=/home/ishaan/turtlebot_sim/build/turtlebot3_online_slam_navigation/prefix_override:/usr/lib/python3/dist-packages/colcon_core/task/python/colcon_distutils_commands:/home/ishaan/turtlebot_sim/install/turtlebot3_online_slam_navigation/lib/python3.10/site-packages:${PYTHONPATH} /usr/bin/python3 -W ignore:setup.py install is deprecated -W ignore:easy_install command is deprecated setup.py egg_info --egg-base ../../build/turtlebot3_online_slam_navigation build --build-base /home/ishaan/turtlebot_sim/build/turtlebot3_online_slam_navigation/build install --record /home/ishaan/turtlebot_sim/build/turtlebot3_online_slam_navigation/install.log --single-version-externally-managed install_data
