[0.930s] Invoking command in '/home/ishaan/turtlebot_sim/turtlebot3/turtlebot3_example': PYTHONPATH=/home/ishaan/turtlebot_sim/build/turtlebot3_example/prefix_override:/usr/lib/python3/dist-packages/colcon_core/task/python/colcon_distutils_commands:/home/ishaan/turtlebot_sim/install/turtlebot3_example/lib/python3.10/site-packages:${PYTHONPATH} /usr/bin/python3 -W ignore:setup.py install is deprecated -W ignore:easy_install command is deprecated setup.py egg_info --egg-base ../../build/turtlebot3_example build --build-base /home/ishaan/turtlebot_sim/build/turtlebot3_example/build install --record /home/ishaan/turtlebot_sim/build/turtlebot3_example/install.log --single-version-externally-managed install_data
[1.100s] running egg_info
[1.101s] writing ../../build/turtlebot3_example/turtlebot3_example.egg-info/PKG-INFO
[1.101s] writing dependency_links to ../../build/turtlebot3_example/turtlebot3_example.egg-info/dependency_links.txt
[1.101s] writing entry points to ../../build/turtlebot3_example/turtlebot3_example.egg-info/entry_points.txt
[1.101s] writing requirements to ../../build/turtlebot3_example/turtlebot3_example.egg-info/requires.txt
[1.101s] writing top-level names to ../../build/turtlebot3_example/turtlebot3_example.egg-info/top_level.txt
[1.103s] reading manifest file '../../build/turtlebot3_example/turtlebot3_example.egg-info/SOURCES.txt'
[1.103s] writing manifest file '../../build/turtlebot3_example/turtlebot3_example.egg-info/SOURCES.txt'
[1.103s] running build
[1.104s] running build_py
[1.104s] running install
[1.104s] running install_lib
[1.105s] running install_data
[1.106s] running install_egg_info
[1.107s] removing '/home/ishaan/turtlebot_sim/install/turtlebot3_example/lib/python3.10/site-packages/turtlebot3_example-2.3.3-py3.10.egg-info' (and everything under it)
[1.107s] Copying ../../build/turtlebot3_example/turtlebot3_example.egg-info to /home/ishaan/turtlebot_sim/install/turtlebot3_example/lib/python3.10/site-packages/turtlebot3_example-2.3.3-py3.10.egg-info
[1.107s] running install_scripts
[1.124s] Installing turtlebot3_absolute_move script to /home/ishaan/turtlebot_sim/install/turtlebot3_example/lib/turtlebot3_example
[1.124s] Installing turtlebot3_interactive_marker script to /home/ishaan/turtlebot_sim/install/turtlebot3_example/lib/turtlebot3_example
[1.124s] Installing turtlebot3_obstacle_detection script to /home/ishaan/turtlebot_sim/install/turtlebot3_example/lib/turtlebot3_example
[1.124s] Installing turtlebot3_patrol_client script to /home/ishaan/turtlebot_sim/install/turtlebot3_example/lib/turtlebot3_example
[1.124s] Installing turtlebot3_patrol_server script to /home/ishaan/turtlebot_sim/install/turtlebot3_example/lib/turtlebot3_example
[1.125s] Installing turtlebot3_relative_move script to /home/ishaan/turtlebot_sim/install/turtlebot3_example/lib/turtlebot3_example
[1.125s] writing list of installed files to '/home/ishaan/turtlebot_sim/build/turtlebot3_example/install.log'
[1.145s] Invoked command in '/home/ishaan/turtlebot_sim/turtlebot3/turtlebot3_example' returned '0': PYTHONPATH=/home/ishaan/turtlebot_sim/build/turtlebot3_example/prefix_override:/usr/lib/python3/dist-packages/colcon_core/task/python/colcon_distutils_commands:/home/ishaan/turtlebot_sim/install/turtlebot3_example/lib/python3.10/site-packages:${PYTHONPATH} /usr/bin/python3 -W ignore:setup.py install is deprecated -W ignore:easy_install command is deprecated setup.py egg_info --egg-base ../../build/turtlebot3_example build --build-base /home/ishaan/turtlebot_sim/build/turtlebot3_example/build install --record /home/ishaan/turtlebot_sim/build/turtlebot3_example/install.log --single-version-externally-managed install_data
