[0.225s] Invoking command in '/home/ishaan/turtlebot_sim/build/turtlebot3_navigation2': CMAKE_PREFIX_PATH=${CMAKE_PREFIX_PATH}:/home/ishaan/turtlebot_sim/install/turtlebot3_teleop:/home/ishaan/turtlebot_sim/install/turtlebot3_example:/home/ishaan/turtlebot_sim/install/turtlebot3_online_slam_navigation:/home/ishaan/turtlebot3_ws/install/turtlebot3_teleop:/home/ishaan/turtlebot3_ws/install/turtlebot3_example:/home/ishaan/ws_moveit2/install/moveit_configs_utils:/home/ishaan/ws_moveit2/install/launch_param_builder:/opt/ros/humble /usr/bin/cmake --build /home/ishaan/turtlebot_sim/build/turtlebot3_navigation2 -- -j12 -l12
[0.658s] Invoked command in '/home/ishaan/turtlebot_sim/build/turtlebot3_navigation2' returned '0': CMAKE_PREFIX_PATH=${CMAKE_PREFIX_PATH}:/home/ishaan/turtlebot_sim/install/turtlebot3_teleop:/home/ishaan/turtlebot_sim/install/turtlebot3_example:/home/ishaan/turtlebot_sim/install/turtlebot3_online_slam_navigation:/home/ishaan/turtlebot3_ws/install/turtlebot3_teleop:/home/ishaan/turtlebot3_ws/install/turtlebot3_example:/home/ishaan/ws_moveit2/install/moveit_configs_utils:/home/ishaan/ws_moveit2/install/launch_param_builder:/opt/ros/humble /usr/bin/cmake --build /home/ishaan/turtlebot_sim/build/turtlebot3_navigation2 -- -j12 -l12
[0.660s] Invoking command in '/home/ishaan/turtlebot_sim/build/turtlebot3_navigation2': CMAKE_PREFIX_PATH=${CMAKE_PREFIX_PATH}:/home/ishaan/turtlebot_sim/install/turtlebot3_teleop:/home/ishaan/turtlebot_sim/install/turtlebot3_example:/home/ishaan/turtlebot_sim/install/turtlebot3_online_slam_navigation:/home/ishaan/turtlebot3_ws/install/turtlebot3_teleop:/home/ishaan/turtlebot3_ws/install/turtlebot3_example:/home/ishaan/ws_moveit2/install/moveit_configs_utils:/home/ishaan/ws_moveit2/install/launch_param_builder:/opt/ros/humble /usr/bin/cmake --install /home/ishaan/turtlebot_sim/build/turtlebot3_navigation2
[0.674s] -- Install configuration: ""
[0.674s] -- Up-to-date: /home/ishaan/turtlebot_sim/install/turtlebot3_navigation2/share/turtlebot3_navigation2/launch
[0.674s] -- Up-to-date: /home/ishaan/turtlebot_sim/install/turtlebot3_navigation2/share/turtlebot3_navigation2/launch/navigation2.launch.py
[0.674s] -- Up-to-date: /home/ishaan/turtlebot_sim/install/turtlebot3_navigation2/share/turtlebot3_navigation2/map
[0.674s] -- Up-to-date: /home/ishaan/turtlebot_sim/install/turtlebot3_navigation2/share/turtlebot3_navigation2/map/map.pgm
[0.674s] -- Up-to-date: /home/ishaan/turtlebot_sim/install/turtlebot3_navigation2/share/turtlebot3_navigation2/map/map.yaml
[0.674s] -- Up-to-date: /home/ishaan/turtlebot_sim/install/turtlebot3_navigation2/share/turtlebot3_navigation2/param
[0.674s] -- Up-to-date: /home/ishaan/turtlebot_sim/install/turtlebot3_navigation2/share/turtlebot3_navigation2/param/burger.yaml
[0.674s] -- Up-to-date: /home/ishaan/turtlebot_sim/install/turtlebot3_navigation2/share/turtlebot3_navigation2/param/waffle_pi.yaml
[0.674s] -- Up-to-date: /home/ishaan/turtlebot_sim/install/turtlebot3_navigation2/share/turtlebot3_navigation2/param/humble
[0.674s] -- Up-to-date: /home/ishaan/turtlebot_sim/install/turtlebot3_navigation2/share/turtlebot3_navigation2/param/humble/burger.yaml
[0.674s] -- Up-to-date: /home/ishaan/turtlebot_sim/install/turtlebot3_navigation2/share/turtlebot3_navigation2/param/humble/waffle_pi.yaml
[0.674s] -- Up-to-date: /home/ishaan/turtlebot_sim/install/turtlebot3_navigation2/share/turtlebot3_navigation2/param/humble/burger_cam.yaml
[0.674s] -- Up-to-date: /home/ishaan/turtlebot_sim/install/turtlebot3_navigation2/share/turtlebot3_navigation2/param/humble/waffle.yaml
[0.674s] -- Up-to-date: /home/ishaan/turtlebot_sim/install/turtlebot3_navigation2/share/turtlebot3_navigation2/param/burger_cam.yaml
[0.675s] -- Up-to-date: /home/ishaan/turtlebot_sim/install/turtlebot3_navigation2/share/turtlebot3_navigation2/param/waffle.yaml
[0.675s] -- Up-to-date: /home/ishaan/turtlebot_sim/install/turtlebot3_navigation2/share/turtlebot3_navigation2/rviz
[0.675s] -- Up-to-date: /home/ishaan/turtlebot_sim/install/turtlebot3_navigation2/share/turtlebot3_navigation2/rviz/tb3_navigation2.rviz
[0.675s] -- Up-to-date: /home/ishaan/turtlebot_sim/install/turtlebot3_navigation2/share/ament_index/resource_index/package_run_dependencies/turtlebot3_navigation2
[0.676s] -- Up-to-date: /home/ishaan/turtlebot_sim/install/turtlebot3_navigation2/share/ament_index/resource_index/parent_prefix_path/turtlebot3_navigation2
[0.676s] -- Up-to-date: /home/ishaan/turtlebot_sim/install/turtlebot3_navigation2/share/turtlebot3_navigation2/environment/ament_prefix_path.sh
[0.676s] -- Up-to-date: /home/ishaan/turtlebot_sim/install/turtlebot3_navigation2/share/turtlebot3_navigation2/environment/ament_prefix_path.dsv
[0.676s] -- Up-to-date: /home/ishaan/turtlebot_sim/install/turtlebot3_navigation2/share/turtlebot3_navigation2/environment/path.sh
[0.676s] -- Up-to-date: /home/ishaan/turtlebot_sim/install/turtlebot3_navigation2/share/turtlebot3_navigation2/environment/path.dsv
[0.676s] -- Up-to-date: /home/ishaan/turtlebot_sim/install/turtlebot3_navigation2/share/turtlebot3_navigation2/local_setup.bash
[0.676s] -- Up-to-date: /home/ishaan/turtlebot_sim/install/turtlebot3_navigation2/share/turtlebot3_navigation2/local_setup.sh
[0.677s] -- Up-to-date: /home/ishaan/turtlebot_sim/install/turtlebot3_navigation2/share/turtlebot3_navigation2/local_setup.zsh
[0.677s] -- Up-to-date: /home/ishaan/turtlebot_sim/install/turtlebot3_navigation2/share/turtlebot3_navigation2/local_setup.dsv
[0.677s] -- Installing: /home/ishaan/turtlebot_sim/install/turtlebot3_navigation2/share/turtlebot3_navigation2/package.dsv
[0.679s] -- Up-to-date: /home/ishaan/turtlebot_sim/install/turtlebot3_navigation2/share/ament_index/resource_index/packages/turtlebot3_navigation2
[0.680s] -- Up-to-date: /home/ishaan/turtlebot_sim/install/turtlebot3_navigation2/share/turtlebot3_navigation2/cmake/turtlebot3_navigation2Config.cmake
[0.680s] -- Up-to-date: /home/ishaan/turtlebot_sim/install/turtlebot3_navigation2/share/turtlebot3_navigation2/cmake/turtlebot3_navigation2Config-version.cmake
[0.680s] -- Up-to-date: /home/ishaan/turtlebot_sim/install/turtlebot3_navigation2/share/turtlebot3_navigation2/package.xml
[0.730s] Invoked command in '/home/ishaan/turtlebot_sim/build/turtlebot3_navigation2' returned '0': CMAKE_PREFIX_PATH=${CMAKE_PREFIX_PATH}:/home/ishaan/turtlebot_sim/install/turtlebot3_teleop:/home/ishaan/turtlebot_sim/install/turtlebot3_example:/home/ishaan/turtlebot_sim/install/turtlebot3_online_slam_navigation:/home/ishaan/turtlebot3_ws/install/turtlebot3_teleop:/home/ishaan/turtlebot3_ws/install/turtlebot3_example:/home/ishaan/ws_moveit2/install/moveit_configs_utils:/home/ishaan/ws_moveit2/install/launch_param_builder:/opt/ros/humble /usr/bin/cmake --install /home/ishaan/turtlebot_sim/build/turtlebot3_navigation2
