[0.982s] Invoking command in '/home/ishaan/turtlebot_sim/src/turtlebot3_online_slam_navigation': PYTHONPATH=/home/ishaan/turtlebot_sim/build/turtlebot3_online_slam_navigation/prefix_override:/usr/lib/python3/dist-packages/colcon_core/task/python/colcon_distutils_commands:/home/ishaan/turtlebot_sim/install/turtlebot3_online_slam_navigation/lib/python3.10/site-packages:${PYTHONPATH} /usr/bin/python3 -W ignore:setup.py install is deprecated -W ignore:easy_install command is deprecated setup.py egg_info --egg-base ../../build/turtlebot3_online_slam_navigation build --build-base /home/ishaan/turtlebot_sim/build/turtlebot3_online_slam_navigation/build install --record /home/ishaan/turtlebot_sim/build/turtlebot3_online_slam_navigation/install.log --single-version-externally-managed install_data
[1.152s] running egg_info
[1.152s] writing ../../build/turtlebot3_online_slam_navigation/turtlebot3_online_slam_navigation.egg-info/PKG-INFO
[1.152s] writing dependency_links to ../../build/turtlebot3_online_slam_navigation/turtlebot3_online_slam_navigation.egg-info/dependency_links.txt
[1.152s] writing entry points to ../../build/turtlebot3_online_slam_navigation/turtlebot3_online_slam_navigation.egg-info/entry_points.txt
[1.152s] writing requirements to ../../build/turtlebot3_online_slam_navigation/turtlebot3_online_slam_navigation.egg-info/requires.txt
[1.152s] writing top-level names to ../../build/turtlebot3_online_slam_navigation/turtlebot3_online_slam_navigation.egg-info/top_level.txt
[1.153s] reading manifest file '../../build/turtlebot3_online_slam_navigation/turtlebot3_online_slam_navigation.egg-info/SOURCES.txt'
[1.154s] writing manifest file '../../build/turtlebot3_online_slam_navigation/turtlebot3_online_slam_navigation.egg-info/SOURCES.txt'
[1.154s] running build
[1.154s] running build_py
[1.154s] running install
[1.154s] running install_lib
[1.155s] running install_data
[1.155s] copying config/nav2_online_slam_params.yaml -> /home/ishaan/turtlebot_sim/install/turtlebot3_online_slam_navigation/share/turtlebot3_online_slam_navigation/config
[1.155s] running install_egg_info
[1.156s] removing '/home/ishaan/turtlebot_sim/install/turtlebot3_online_slam_navigation/lib/python3.10/site-packages/turtlebot3_online_slam_navigation-0.0.0-py3.10.egg-info' (and everything under it)
[1.157s] Copying ../../build/turtlebot3_online_slam_navigation/turtlebot3_online_slam_navigation.egg-info to /home/ishaan/turtlebot_sim/install/turtlebot3_online_slam_navigation/lib/python3.10/site-packages/turtlebot3_online_slam_navigation-0.0.0-py3.10.egg-info
[1.157s] running install_scripts
[1.174s] writing list of installed files to '/home/ishaan/turtlebot_sim/build/turtlebot3_online_slam_navigation/install.log'
[1.208s] Invoked command in '/home/ishaan/turtlebot_sim/src/turtlebot3_online_slam_navigation' returned '0': PYTHONPATH=/home/ishaan/turtlebot_sim/build/turtlebot3_online_slam_navigation/prefix_override:/usr/lib/python3/dist-packages/colcon_core/task/python/colcon_distutils_commands:/home/ishaan/turtlebot_sim/install/turtlebot3_online_slam_navigation/lib/python3.10/site-packages:${PYTHONPATH} /usr/bin/python3 -W ignore:setup.py install is deprecated -W ignore:easy_install command is deprecated setup.py egg_info --egg-base ../../build/turtlebot3_online_slam_navigation build --build-base /home/ishaan/turtlebot_sim/build/turtlebot3_online_slam_navigation/build install --record /home/ishaan/turtlebot_sim/build/turtlebot3_online_slam_navigation/install.log --single-version-externally-managed install_data
